\BOOKMARK [1][-]{section.1}{Organigramma}{}% 1
\BOOKMARK [1][-]{section.2}{Scopo del progetto}{}% 2
\BOOKMARK [1][-]{section.3}{Norme}{}% 3
\BOOKMARK [2][-]{subsection.3.1}{Organizzazione}{section.3}% 4
\BOOKMARK [2][-]{subsection.3.2}{Strumenti}{section.3}% 5
\BOOKMARK [2][-]{subsection.3.3}{Codifica}{section.3}% 6
\BOOKMARK [1][-]{section.4}{Analisi dei requisiti}{}% 7
\BOOKMARK [2][-]{subsection.4.1}{Interazione degli utenti}{section.4}% 8
\BOOKMARK [2][-]{subsection.4.2}{Aggiornamenti e amministrazione}{section.4}% 9
\BOOKMARK [2][-]{subsection.4.3}{Organizzazione e mappa del sito}{section.4}% 10
\BOOKMARK [2][-]{subsection.4.4}{Performance}{section.4}% 11
\BOOKMARK [2][-]{subsection.4.5}{Accessibilit\340}{section.4}% 12
\BOOKMARK [2][-]{subsection.4.6}{Sicurezza}{section.4}% 13
\BOOKMARK [1][-]{section.5}{Progettazione}{}% 14
\BOOKMARK [2][-]{subsection.5.1}{Home}{section.5}% 15
\BOOKMARK [2][-]{subsection.5.2}{Catalogo}{section.5}% 16
\BOOKMARK [2][-]{subsection.5.3}{Dettaglio}{section.5}% 17
\BOOKMARK [2][-]{subsection.5.4}{Servizi}{section.5}% 18
\BOOKMARK [2][-]{subsection.5.5}{Contatti}{section.5}% 19
\BOOKMARK [2][-]{subsection.5.6}{Prenotazione}{section.5}% 20
\BOOKMARK [2][-]{subsection.5.7}{Gestione prestiti}{section.5}% 21
\BOOKMARK [2][-]{subsection.5.8}{Profilo utente}{section.5}% 22
\BOOKMARK [2][-]{subsection.5.9}{Amministrazione}{section.5}% 23
\BOOKMARK [3][-]{subsubsection.5.9.1}{Conferma account}{subsection.5.9}% 24
\BOOKMARK [3][-]{subsubsection.5.9.2}{Inserimento libro}{subsection.5.9}% 25
\BOOKMARK [3][-]{subsubsection.5.9.3}{Rimozione commento}{subsection.5.9}% 26
\BOOKMARK [1][-]{section.6}{Implementazione}{}% 27
\BOOKMARK [1][-]{section.7}{Verifica e validazione}{}% 28
\BOOKMARK [1][-]{section.8}{Analisi di usabilit\340}{}% 29
