This is pdfTeX, Version 3.14159265-2.6-1.40.16 (MiKTeX 2.9 64-bit) (preloaded format=pdflatex 2016.4.4)  24 APR 2016 16:27
entering extended mode
**./relazione.tex
(relazione.tex
LaTeX2e <2015/10/01> patch level 2
Babel <3.9n> and hyphenation patterns for 69 languages loaded.
(../template/config.tex) (../template/structure.tex
("C:\Users\io\AppData\Local\Programs\MiKTeX 2.9\tex\latex\base\article.cls"
Document Class: article 2014/09/29 v1.4h Standard LaTeX document class
("C:\Users\io\AppData\Local\Programs\MiKTeX 2.9\tex\latex\base\size11.clo"
File: size11.clo 2014/09/29 v1.4h Standard LaTeX file (size option)
)
\c@part=\count79
\c@section=\count80
\c@subsection=\count81
\c@subsubsection=\count82
\c@paragraph=\count83
\c@subparagraph=\count84
\c@figure=\count85
\c@table=\count86
\abovecaptionskip=\skip41
\belowcaptionskip=\skip42
\bibindent=\dimen102
)
("C:\Users\io\AppData\Local\Programs\MiKTeX 2.9\tex\latex\base\fontenc.sty"
Package: fontenc 2005/09/27 v1.99g Standard LaTeX package

("C:\Users\io\AppData\Local\Programs\MiKTeX 2.9\tex\latex\base\t1enc.def"
File: t1enc.def 2005/09/27 v1.99g Standard LaTeX file
LaTeX Font Info:    Redeclaring font encoding T1 on input line 48.
))
("C:\Users\io\AppData\Local\Programs\MiKTeX 2.9\tex\latex\gillius\gillius.sty"
Package: gillius 2013/11/03 (Bob Tennent) Supports Gillius fonts for all LaTeX 
engines.

("C:\Users\io\AppData\Local\Programs\MiKTeX 2.9\tex\generic\ifxetex\ifxetex.sty
"
Package: ifxetex 2010/09/12 v0.6 Provides ifxetex conditional
)
("C:\Users\io\AppData\Local\Programs\MiKTeX 2.9\tex\generic\oberdiek\ifluatex.s
ty"
Package: ifluatex 2010/03/01 v1.3 Provides the ifluatex switch (HO)
Package ifluatex Info: LuaTeX not detected.
)
("C:\Users\io\AppData\Local\Programs\MiKTeX 2.9\tex\latex\xkeyval\xkeyval.sty"
Package: xkeyval 2014/12/03 v2.7a package option processing (HA)

("C:\Users\io\AppData\Local\Programs\MiKTeX 2.9\tex\generic\xkeyval\xkeyval.tex
"
("C:\Users\io\AppData\Local\Programs\MiKTeX 2.9\tex\generic\xkeyval\xkvutils.te
x"
\XKV@toks=\toks14
\XKV@tempa@toks=\toks15

("C:\Users\io\AppData\Local\Programs\MiKTeX 2.9\tex\generic\xkeyval\keyval.tex"
))
\XKV@depth=\count87
File: xkeyval.tex 2014/12/03 v2.7a key=value parser (HA)
)) ("C:\Users\io\AppData\Local\Programs\MiKTeX 2.9\tex\latex\base\textcomp.sty"
Package: textcomp 2005/09/27 v1.99g Standard LaTeX package
Package textcomp Info: Sub-encoding information:
(textcomp)               5 = only ISO-Adobe without \textcurrency
(textcomp)               4 = 5 + \texteuro
(textcomp)               3 = 4 + \textohm
(textcomp)               2 = 3 + \textestimated + \textcurrency
(textcomp)               1 = TS1 - \textcircled - \t
(textcomp)               0 = TS1 (full)
(textcomp)             Font families with sub-encoding setting implement
(textcomp)             only a restricted character set as indicated.
(textcomp)             Family '?' is the default used for unknown fonts.
(textcomp)             See the documentation for details.
Package textcomp Info: Setting ? sub-encoding to TS1/1 on input line 79.
 ("C:\Users\io\AppData\Local\Programs\MiKTeX 2.9\tex\latex\base\ts1enc.def"
File: ts1enc.def 2001/06/05 v3.0e (jk/car/fm) Standard LaTeX file
)
LaTeX Info: Redefining \oldstylenums on input line 334.
Package textcomp Info: Setting cmr sub-encoding to TS1/0 on input line 349.
Package textcomp Info: Setting cmss sub-encoding to TS1/0 on input line 350.
Package textcomp Info: Setting cmtt sub-encoding to TS1/0 on input line 351.
Package textcomp Info: Setting cmvtt sub-encoding to TS1/0 on input line 352.
Package textcomp Info: Setting cmbr sub-encoding to TS1/0 on input line 353.
Package textcomp Info: Setting cmtl sub-encoding to TS1/0 on input line 354.
Package textcomp Info: Setting ccr sub-encoding to TS1/0 on input line 355.
Package textcomp Info: Setting ptm sub-encoding to TS1/4 on input line 356.
Package textcomp Info: Setting pcr sub-encoding to TS1/4 on input line 357.
Package textcomp Info: Setting phv sub-encoding to TS1/4 on input line 358.
Package textcomp Info: Setting ppl sub-encoding to TS1/3 on input line 359.
Package textcomp Info: Setting pag sub-encoding to TS1/4 on input line 360.
Package textcomp Info: Setting pbk sub-encoding to TS1/4 on input line 361.
Package textcomp Info: Setting pnc sub-encoding to TS1/4 on input line 362.
Package textcomp Info: Setting pzc sub-encoding to TS1/4 on input line 363.
Package textcomp Info: Setting bch sub-encoding to TS1/4 on input line 364.
Package textcomp Info: Setting put sub-encoding to TS1/5 on input line 365.
Package textcomp Info: Setting uag sub-encoding to TS1/5 on input line 366.
Package textcomp Info: Setting ugq sub-encoding to TS1/5 on input line 367.
Package textcomp Info: Setting ul8 sub-encoding to TS1/4 on input line 368.
Package textcomp Info: Setting ul9 sub-encoding to TS1/4 on input line 369.
Package textcomp Info: Setting augie sub-encoding to TS1/5 on input line 370.
Package textcomp Info: Setting dayrom sub-encoding to TS1/3 on input line 371.
Package textcomp Info: Setting dayroms sub-encoding to TS1/3 on input line 372.

Package textcomp Info: Setting pxr sub-encoding to TS1/0 on input line 373.
Package textcomp Info: Setting pxss sub-encoding to TS1/0 on input line 374.
Package textcomp Info: Setting pxtt sub-encoding to TS1/0 on input line 375.
Package textcomp Info: Setting txr sub-encoding to TS1/0 on input line 376.
Package textcomp Info: Setting txss sub-encoding to TS1/0 on input line 377.
Package textcomp Info: Setting txtt sub-encoding to TS1/0 on input line 378.
Package textcomp Info: Setting lmr sub-encoding to TS1/0 on input line 379.
Package textcomp Info: Setting lmdh sub-encoding to TS1/0 on input line 380.
Package textcomp Info: Setting lmss sub-encoding to TS1/0 on input line 381.
Package textcomp Info: Setting lmssq sub-encoding to TS1/0 on input line 382.
Package textcomp Info: Setting lmvtt sub-encoding to TS1/0 on input line 383.
Package textcomp Info: Setting lmtt sub-encoding to TS1/0 on input line 384.
Package textcomp Info: Setting qhv sub-encoding to TS1/0 on input line 385.
Package textcomp Info: Setting qag sub-encoding to TS1/0 on input line 386.
Package textcomp Info: Setting qbk sub-encoding to TS1/0 on input line 387.
Package textcomp Info: Setting qcr sub-encoding to TS1/0 on input line 388.
Package textcomp Info: Setting qcs sub-encoding to TS1/0 on input line 389.
Package textcomp Info: Setting qpl sub-encoding to TS1/0 on input line 390.
Package textcomp Info: Setting qtm sub-encoding to TS1/0 on input line 391.
Package textcomp Info: Setting qzc sub-encoding to TS1/0 on input line 392.
Package textcomp Info: Setting qhvc sub-encoding to TS1/0 on input line 393.
Package textcomp Info: Setting futs sub-encoding to TS1/4 on input line 394.
Package textcomp Info: Setting futx sub-encoding to TS1/4 on input line 395.
Package textcomp Info: Setting futj sub-encoding to TS1/4 on input line 396.
Package textcomp Info: Setting hlh sub-encoding to TS1/3 on input line 397.
Package textcomp Info: Setting hls sub-encoding to TS1/3 on input line 398.
Package textcomp Info: Setting hlst sub-encoding to TS1/3 on input line 399.
Package textcomp Info: Setting hlct sub-encoding to TS1/5 on input line 400.
Package textcomp Info: Setting hlx sub-encoding to TS1/5 on input line 401.
Package textcomp Info: Setting hlce sub-encoding to TS1/5 on input line 402.
Package textcomp Info: Setting hlcn sub-encoding to TS1/5 on input line 403.
Package textcomp Info: Setting hlcw sub-encoding to TS1/5 on input line 404.
Package textcomp Info: Setting hlcf sub-encoding to TS1/5 on input line 405.
Package textcomp Info: Setting pplx sub-encoding to TS1/3 on input line 406.
Package textcomp Info: Setting pplj sub-encoding to TS1/3 on input line 407.
Package textcomp Info: Setting ptmx sub-encoding to TS1/4 on input line 408.
Package textcomp Info: Setting ptmj sub-encoding to TS1/4 on input line 409.
) ("C:\Users\io\AppData\Local\Programs\MiKTeX 2.9\tex\latex\base\fontenc.sty"
Package: fontenc 2005/09/27 v1.99g Standard LaTeX package
)
("C:\Users\io\AppData\Local\Programs\MiKTeX 2.9\tex\latex\fontaxes\fontaxes.sty
"
Package: fontaxes 2014/03/23 v1.0d Font selection axes
LaTeX Info: Redefining \upshape on input line 29.
LaTeX Info: Redefining \itshape on input line 31.
LaTeX Info: Redefining \slshape on input line 33.
LaTeX Info: Redefining \scshape on input line 37.
)) ("C:\Users\io\AppData\Local\Programs\MiKTeX 2.9\tex\latex\base\inputenc.sty"
Package: inputenc 2015/03/17 v1.2c Input encoding file
\inpenc@prehook=\toks16
\inpenc@posthook=\toks17
 ("C:\Users\io\AppData\Local\Programs\MiKTeX 2.9\tex\latex\base\utf8.def"
File: utf8.def 2015/09/07 v1.1p UTF-8 support for inputenc
Now handling font encoding OML ...
... no UTF-8 mapping file for font encoding OML
Now handling font encoding T1 ...
... processing UTF-8 mapping file for font encoding T1

("C:\Users\io\AppData\Local\Programs\MiKTeX 2.9\tex\latex\base\t1enc.dfu"
File: t1enc.dfu 2015/09/07 v1.1p UTF-8 support for inputenc
   defining Unicode char U+00A0 (decimal 160)
   defining Unicode char U+00A1 (decimal 161)
   defining Unicode char U+00A3 (decimal 163)
   defining Unicode char U+00AB (decimal 171)
   defining Unicode char U+00AD (decimal 173)
   defining Unicode char U+00BB (decimal 187)
   defining Unicode char U+00BF (decimal 191)
   defining Unicode char U+00C0 (decimal 192)
   defining Unicode char U+00C1 (decimal 193)
   defining Unicode char U+00C2 (decimal 194)
   defining Unicode char U+00C3 (decimal 195)
   defining Unicode char U+00C4 (decimal 196)
   defining Unicode char U+00C5 (decimal 197)
   defining Unicode char U+00C6 (decimal 198)
   defining Unicode char U+00C7 (decimal 199)
   defining Unicode char U+00C8 (decimal 200)
   defining Unicode char U+00C9 (decimal 201)
   defining Unicode char U+00CA (decimal 202)
   defining Unicode char U+00CB (decimal 203)
   defining Unicode char U+00CC (decimal 204)
   defining Unicode char U+00CD (decimal 205)
   defining Unicode char U+00CE (decimal 206)
   defining Unicode char U+00CF (decimal 207)
   defining Unicode char U+00D0 (decimal 208)
   defining Unicode char U+00D1 (decimal 209)
   defining Unicode char U+00D2 (decimal 210)
   defining Unicode char U+00D3 (decimal 211)
   defining Unicode char U+00D4 (decimal 212)
   defining Unicode char U+00D5 (decimal 213)
   defining Unicode char U+00D6 (decimal 214)
   defining Unicode char U+00D8 (decimal 216)
   defining Unicode char U+00D9 (decimal 217)
   defining Unicode char U+00DA (decimal 218)
   defining Unicode char U+00DB (decimal 219)
   defining Unicode char U+00DC (decimal 220)
   defining Unicode char U+00DD (decimal 221)
   defining Unicode char U+00DE (decimal 222)
   defining Unicode char U+00DF (decimal 223)
   defining Unicode char U+00E0 (decimal 224)
   defining Unicode char U+00E1 (decimal 225)
   defining Unicode char U+00E2 (decimal 226)
   defining Unicode char U+00E3 (decimal 227)
   defining Unicode char U+00E4 (decimal 228)
   defining Unicode char U+00E5 (decimal 229)
   defining Unicode char U+00E6 (decimal 230)
   defining Unicode char U+00E7 (decimal 231)
   defining Unicode char U+00E8 (decimal 232)
   defining Unicode char U+00E9 (decimal 233)
   defining Unicode char U+00EA (decimal 234)
   defining Unicode char U+00EB (decimal 235)
   defining Unicode char U+00EC (decimal 236)
   defining Unicode char U+00ED (decimal 237)
   defining Unicode char U+00EE (decimal 238)
   defining Unicode char U+00EF (decimal 239)
   defining Unicode char U+00F0 (decimal 240)
   defining Unicode char U+00F1 (decimal 241)
   defining Unicode char U+00F2 (decimal 242)
   defining Unicode char U+00F3 (decimal 243)
   defining Unicode char U+00F4 (decimal 244)
   defining Unicode char U+00F5 (decimal 245)
   defining Unicode char U+00F6 (decimal 246)
   defining Unicode char U+00F8 (decimal 248)
   defining Unicode char U+00F9 (decimal 249)
   defining Unicode char U+00FA (decimal 250)
   defining Unicode char U+00FB (decimal 251)
   defining Unicode char U+00FC (decimal 252)
   defining Unicode char U+00FD (decimal 253)
   defining Unicode char U+00FE (decimal 254)
   defining Unicode char U+00FF (decimal 255)
   defining Unicode char U+0102 (decimal 258)
   defining Unicode char U+0103 (decimal 259)
   defining Unicode char U+0104 (decimal 260)
   defining Unicode char U+0105 (decimal 261)
   defining Unicode char U+0106 (decimal 262)
   defining Unicode char U+0107 (decimal 263)
   defining Unicode char U+010C (decimal 268)
   defining Unicode char U+010D (decimal 269)
   defining Unicode char U+010E (decimal 270)
   defining Unicode char U+010F (decimal 271)
   defining Unicode char U+0110 (decimal 272)
   defining Unicode char U+0111 (decimal 273)
   defining Unicode char U+0118 (decimal 280)
   defining Unicode char U+0119 (decimal 281)
   defining Unicode char U+011A (decimal 282)
   defining Unicode char U+011B (decimal 283)
   defining Unicode char U+011E (decimal 286)
   defining Unicode char U+011F (decimal 287)
   defining Unicode char U+0130 (decimal 304)
   defining Unicode char U+0131 (decimal 305)
   defining Unicode char U+0132 (decimal 306)
   defining Unicode char U+0133 (decimal 307)
   defining Unicode char U+0139 (decimal 313)
   defining Unicode char U+013A (decimal 314)
   defining Unicode char U+013D (decimal 317)
   defining Unicode char U+013E (decimal 318)
   defining Unicode char U+0141 (decimal 321)
   defining Unicode char U+0142 (decimal 322)
   defining Unicode char U+0143 (decimal 323)
   defining Unicode char U+0144 (decimal 324)
   defining Unicode char U+0147 (decimal 327)
   defining Unicode char U+0148 (decimal 328)
   defining Unicode char U+014A (decimal 330)
   defining Unicode char U+014B (decimal 331)
   defining Unicode char U+0150 (decimal 336)
   defining Unicode char U+0151 (decimal 337)
   defining Unicode char U+0152 (decimal 338)
   defining Unicode char U+0153 (decimal 339)
   defining Unicode char U+0154 (decimal 340)
   defining Unicode char U+0155 (decimal 341)
   defining Unicode char U+0158 (decimal 344)
   defining Unicode char U+0159 (decimal 345)
   defining Unicode char U+015A (decimal 346)
   defining Unicode char U+015B (decimal 347)
   defining Unicode char U+015E (decimal 350)
   defining Unicode char U+015F (decimal 351)
   defining Unicode char U+0160 (decimal 352)
   defining Unicode char U+0161 (decimal 353)
   defining Unicode char U+0162 (decimal 354)
   defining Unicode char U+0163 (decimal 355)
   defining Unicode char U+0164 (decimal 356)
   defining Unicode char U+0165 (decimal 357)
   defining Unicode char U+016E (decimal 366)
   defining Unicode char U+016F (decimal 367)
   defining Unicode char U+0170 (decimal 368)
   defining Unicode char U+0171 (decimal 369)
   defining Unicode char U+0174 (decimal 372)
   defining Unicode char U+0175 (decimal 373)
   defining Unicode char U+0176 (decimal 374)
   defining Unicode char U+0177 (decimal 375)
   defining Unicode char U+0178 (decimal 376)
   defining Unicode char U+0179 (decimal 377)
   defining Unicode char U+017A (decimal 378)
   defining Unicode char U+017B (decimal 379)
   defining Unicode char U+017C (decimal 380)
   defining Unicode char U+017D (decimal 381)
   defining Unicode char U+017E (decimal 382)
   defining Unicode char U+0218 (decimal 536)
   defining Unicode char U+0219 (decimal 537)
   defining Unicode char U+021A (decimal 538)
   defining Unicode char U+021B (decimal 539)
   defining Unicode char U+200C (decimal 8204)
   defining Unicode char U+2013 (decimal 8211)
   defining Unicode char U+2014 (decimal 8212)
   defining Unicode char U+2018 (decimal 8216)
   defining Unicode char U+2019 (decimal 8217)
   defining Unicode char U+201A (decimal 8218)
   defining Unicode char U+201C (decimal 8220)
   defining Unicode char U+201D (decimal 8221)
   defining Unicode char U+201E (decimal 8222)
   defining Unicode char U+2030 (decimal 8240)
   defining Unicode char U+2031 (decimal 8241)
   defining Unicode char U+2039 (decimal 8249)
   defining Unicode char U+203A (decimal 8250)
   defining Unicode char U+2423 (decimal 9251)
)
Now handling font encoding OT1 ...
... processing UTF-8 mapping file for font encoding OT1

("C:\Users\io\AppData\Local\Programs\MiKTeX 2.9\tex\latex\base\ot1enc.dfu"
File: ot1enc.dfu 2015/09/07 v1.1p UTF-8 support for inputenc
   defining Unicode char U+00A0 (decimal 160)
   defining Unicode char U+00A1 (decimal 161)
   defining Unicode char U+00A3 (decimal 163)
   defining Unicode char U+00AD (decimal 173)
   defining Unicode char U+00B8 (decimal 184)
   defining Unicode char U+00BF (decimal 191)
   defining Unicode char U+00C5 (decimal 197)
   defining Unicode char U+00C6 (decimal 198)
   defining Unicode char U+00D8 (decimal 216)
   defining Unicode char U+00DF (decimal 223)
   defining Unicode char U+00E6 (decimal 230)
   defining Unicode char U+00EC (decimal 236)
   defining Unicode char U+00ED (decimal 237)
   defining Unicode char U+00EE (decimal 238)
   defining Unicode char U+00EF (decimal 239)
   defining Unicode char U+00F8 (decimal 248)
   defining Unicode char U+0131 (decimal 305)
   defining Unicode char U+0141 (decimal 321)
   defining Unicode char U+0142 (decimal 322)
   defining Unicode char U+0152 (decimal 338)
   defining Unicode char U+0153 (decimal 339)
   defining Unicode char U+0174 (decimal 372)
   defining Unicode char U+0175 (decimal 373)
   defining Unicode char U+0176 (decimal 374)
   defining Unicode char U+0177 (decimal 375)
   defining Unicode char U+0218 (decimal 536)
   defining Unicode char U+0219 (decimal 537)
   defining Unicode char U+021A (decimal 538)
   defining Unicode char U+021B (decimal 539)
   defining Unicode char U+2013 (decimal 8211)
   defining Unicode char U+2014 (decimal 8212)
   defining Unicode char U+2018 (decimal 8216)
   defining Unicode char U+2019 (decimal 8217)
   defining Unicode char U+201C (decimal 8220)
   defining Unicode char U+201D (decimal 8221)
)
Now handling font encoding OMS ...
... processing UTF-8 mapping file for font encoding OMS

("C:\Users\io\AppData\Local\Programs\MiKTeX 2.9\tex\latex\base\omsenc.dfu"
File: omsenc.dfu 2015/09/07 v1.1p UTF-8 support for inputenc
   defining Unicode char U+00A7 (decimal 167)
   defining Unicode char U+00B6 (decimal 182)
   defining Unicode char U+00B7 (decimal 183)
   defining Unicode char U+2020 (decimal 8224)
   defining Unicode char U+2021 (decimal 8225)
   defining Unicode char U+2022 (decimal 8226)
)
Now handling font encoding OMX ...
... no UTF-8 mapping file for font encoding OMX
Now handling font encoding U ...
... no UTF-8 mapping file for font encoding U
Now handling font encoding TS1 ...
... processing UTF-8 mapping file for font encoding TS1

("C:\Users\io\AppData\Local\Programs\MiKTeX 2.9\tex\latex\base\ts1enc.dfu"
File: ts1enc.dfu 2015/09/07 v1.1p UTF-8 support for inputenc
   defining Unicode char U+00A2 (decimal 162)
   defining Unicode char U+00A3 (decimal 163)
   defining Unicode char U+00A4 (decimal 164)
   defining Unicode char U+00A5 (decimal 165)
   defining Unicode char U+00A6 (decimal 166)
   defining Unicode char U+00A7 (decimal 167)
   defining Unicode char U+00A8 (decimal 168)
   defining Unicode char U+00A9 (decimal 169)
   defining Unicode char U+00AA (decimal 170)
   defining Unicode char U+00AC (decimal 172)
   defining Unicode char U+00AE (decimal 174)
   defining Unicode char U+00AF (decimal 175)
   defining Unicode char U+00B0 (decimal 176)
   defining Unicode char U+00B1 (decimal 177)
   defining Unicode char U+00B2 (decimal 178)
   defining Unicode char U+00B3 (decimal 179)
   defining Unicode char U+00B4 (decimal 180)
   defining Unicode char U+00B5 (decimal 181)
   defining Unicode char U+00B6 (decimal 182)
   defining Unicode char U+00B7 (decimal 183)
   defining Unicode char U+00B9 (decimal 185)
   defining Unicode char U+00BA (decimal 186)
   defining Unicode char U+00BC (decimal 188)
   defining Unicode char U+00BD (decimal 189)
   defining Unicode char U+00BE (decimal 190)
   defining Unicode char U+00D7 (decimal 215)
   defining Unicode char U+00F7 (decimal 247)
   defining Unicode char U+0192 (decimal 402)
   defining Unicode char U+02C7 (decimal 711)
   defining Unicode char U+02D8 (decimal 728)
   defining Unicode char U+02DD (decimal 733)
   defining Unicode char U+0E3F (decimal 3647)
   defining Unicode char U+2016 (decimal 8214)
   defining Unicode char U+2020 (decimal 8224)
   defining Unicode char U+2021 (decimal 8225)
   defining Unicode char U+2022 (decimal 8226)
   defining Unicode char U+2030 (decimal 8240)
   defining Unicode char U+2031 (decimal 8241)
   defining Unicode char U+203B (decimal 8251)
   defining Unicode char U+203D (decimal 8253)
   defining Unicode char U+2044 (decimal 8260)
   defining Unicode char U+204E (decimal 8270)
   defining Unicode char U+2052 (decimal 8274)
   defining Unicode char U+20A1 (decimal 8353)
   defining Unicode char U+20A4 (decimal 8356)
   defining Unicode char U+20A6 (decimal 8358)
   defining Unicode char U+20A9 (decimal 8361)
   defining Unicode char U+20AB (decimal 8363)
   defining Unicode char U+20AC (decimal 8364)
   defining Unicode char U+20B1 (decimal 8369)
   defining Unicode char U+2103 (decimal 8451)
   defining Unicode char U+2116 (decimal 8470)
   defining Unicode char U+2117 (decimal 8471)
   defining Unicode char U+211E (decimal 8478)
   defining Unicode char U+2120 (decimal 8480)
   defining Unicode char U+2122 (decimal 8482)
   defining Unicode char U+2126 (decimal 8486)
   defining Unicode char U+2127 (decimal 8487)
   defining Unicode char U+212E (decimal 8494)
   defining Unicode char U+2190 (decimal 8592)
   defining Unicode char U+2191 (decimal 8593)
   defining Unicode char U+2192 (decimal 8594)
   defining Unicode char U+2193 (decimal 8595)
   defining Unicode char U+2329 (decimal 9001)
   defining Unicode char U+232A (decimal 9002)
   defining Unicode char U+2422 (decimal 9250)
   defining Unicode char U+25E6 (decimal 9702)
   defining Unicode char U+25EF (decimal 9711)
   defining Unicode char U+266A (decimal 9834)
)
   defining Unicode char U+00A9 (decimal 169)
   defining Unicode char U+00AA (decimal 170)
   defining Unicode char U+00AE (decimal 174)
   defining Unicode char U+00BA (decimal 186)
   defining Unicode char U+02C6 (decimal 710)
   defining Unicode char U+02DC (decimal 732)
   defining Unicode char U+200C (decimal 8204)
   defining Unicode char U+2026 (decimal 8230)
   defining Unicode char U+2122 (decimal 8482)
   defining Unicode char U+2423 (decimal 9251)
))
("C:\Users\io\AppData\Local\Programs\MiKTeX 2.9\tex\generic\babel\babel.sty"
Package: babel 2016/01/08 3.9n The Babel package

*************************************
* Local config file bblopts.cfg used
*
("C:\Users\io\AppData\Local\Programs\MiKTeX 2.9\tex\latex\00miktex\bblopts.cfg"
File: bblopts.cfg 2006/07/31 v1.0 MiKTeX 'babel' configuration
)
("C:\Users\io\AppData\Local\Programs\MiKTeX 2.9\tex\latex\babel-italian\italian
.ldf"
Language: italian 2015/03/26 v1.3n Italian support from the babel system

("C:\Users\io\AppData\Local\Programs\MiKTeX 2.9\tex\generic\babel\babel.def"
File: babel.def 2016/01/08 3.9n Babel common definitions
\babel@savecnt=\count88
\U@D=\dimen103
)
\it@lettering=\count89
\it@doublequoteactive=\count90
\it@ISOcompliance=\count91
)) ("C:\Users\io\AppData\Local\Programs\MiKTeX 2.9\tex\latex\etoolbox\etoolbox.
sty"
Package: etoolbox 2015/08/02 v2.2a e-TeX tools for LaTeX (JAW)
\etb@tempcnta=\count92
)
("C:\Users\io\AppData\Local\Programs\MiKTeX 2.9\tex\latex\geometry\geometry.sty
"
Package: geometry 2010/09/12 v5.6 Page Geometry
 ("C:\Users\io\AppData\Local\Programs\MiKTeX 2.9\tex\generic\oberdiek\ifpdf.sty
"
Package: ifpdf 2011/01/30 v2.3 Provides the ifpdf switch (HO)
Package ifpdf Info: pdfTeX in PDF mode is detected.
)
("C:\Users\io\AppData\Local\Programs\MiKTeX 2.9\tex\generic\oberdiek\ifvtex.sty
"
Package: ifvtex 2010/03/01 v1.5 Detect VTeX and its facilities (HO)
Package ifvtex Info: VTeX not detected.
)
\Gm@cnth=\count93
\Gm@cntv=\count94
\c@Gm@tempcnt=\count95
\Gm@bindingoffset=\dimen104
\Gm@wd@mp=\dimen105
\Gm@odd@mp=\dimen106
\Gm@even@mp=\dimen107
\Gm@layoutwidth=\dimen108
\Gm@layoutheight=\dimen109
\Gm@layouthoffset=\dimen110
\Gm@layoutvoffset=\dimen111
\Gm@dimlist=\toks18

("C:\Users\io\AppData\Local\Programs\MiKTeX 2.9\tex\latex\geometry\geometry.cfg
"))
("C:\Users\io\AppData\Local\Programs\MiKTeX 2.9\tex\latex\amsfonts\amssymb.sty"
Package: amssymb 2013/01/14 v3.01 AMS font symbols
("C:\Users\io\AppData\Local\Programs\MiKTeX 2.9\tex\latex\amsfonts\amsfonts.sty
"
Package: amsfonts 2013/01/14 v3.01 Basic AMSFonts support
\@emptytoks=\toks19
\symAMSa=\mathgroup4
\symAMSb=\mathgroup5
LaTeX Font Info:    Overwriting math alphabet `\mathfrak' in version `bold'
(Font)                  U/euf/m/n --> U/euf/b/n on input line 106.
))
("C:\Users\io\AppData\Local\Programs\MiKTeX 2.9\tex\latex\booktabs\booktabs.sty
"
Package: booktabs 2005/04/14 v1.61803 publication quality tables
\heavyrulewidth=\dimen112
\lightrulewidth=\dimen113
\cmidrulewidth=\dimen114
\belowrulesep=\dimen115
\belowbottomsep=\dimen116
\aboverulesep=\dimen117
\abovetopsep=\dimen118
\cmidrulesep=\dimen119
\cmidrulekern=\dimen120
\defaultaddspace=\dimen121
\@cmidla=\count96
\@cmidlb=\count97
\@aboverulesep=\dimen122
\@belowrulesep=\dimen123
\@thisruleclass=\count98
\@lastruleclass=\count99
\@thisrulewidth=\dimen124
) ("C:\Users\io\AppData\Local\Programs\MiKTeX 2.9\tex\latex\tools\calc.sty"
Package: calc 2014/10/28 v4.3 Infix arithmetic (KKT,FJ)
\calc@Acount=\count100
\calc@Bcount=\count101
\calc@Adimen=\dimen125
\calc@Bdimen=\dimen126
\calc@Askip=\skip43
\calc@Bskip=\skip44
LaTeX Info: Redefining \setlength on input line 80.
LaTeX Info: Redefining \addtolength on input line 81.
\calc@Ccount=\count102
\calc@Cskip=\skip45
)
("C:\Users\io\AppData\Local\Programs\MiKTeX 2.9\tex\latex\caption\caption.sty"
Package: caption 2016/02/21 v3.3-144 Customizing captions (AR)

("C:\Users\io\AppData\Local\Programs\MiKTeX 2.9\tex\latex\caption\caption3.sty"
Package: caption3 2016/02/04 v1.7-139 caption3 kernel (AR)
Package caption3 Info: TeX engine: e-TeX on input line 67.
\captionmargin=\dimen127
\captionmargin@=\dimen128
\captionwidth=\dimen129
\caption@tempdima=\dimen130
\caption@indent=\dimen131
\caption@parindent=\dimen132
\caption@hangindent=\dimen133
)
\c@ContinuedFloat=\count103
) ("C:\Users\io\AppData\Local\Programs\MiKTeX 2.9\tex\latex\cite\chapterbib.sty
"
\c@inputfile=\count104
Package: chapterbib 2010/09/18  v 1.17
)
("C:\Users\io\AppData\Local\Programs\MiKTeX 2.9\tex\latex\datatool\datatool.sty
"
Package: datatool 2016/01/18 v2.25 (NLCT)
 ("C:\Users\io\AppData\Local\Programs\MiKTeX 2.9\tex\latex\base\ifthen.sty"
Package: ifthen 2014/09/29 v1.1c Standard LaTeX ifthen package (DPC)
)
("C:\Users\io\AppData\Local\Programs\MiKTeX 2.9\tex\latex\xfor\xfor.sty"
Package: xfor 2009/02/05 v1.05 (NLCT)
)
("C:\Users\io\AppData\Local\Programs\MiKTeX 2.9\tex\latex\substr\substr.sty"
Package: substr 2009/10/20 v1.2 Handle substrings
\c@su@anzahl=\count105
)
("C:\Users\io\AppData\Local\Programs\MiKTeX 2.9\tex\latex\datatool\datatool-bas
e.sty"
Package: datatool-base 2016/01/18 v2.25 (NLCT)

("C:\Users\io\AppData\Local\Programs\MiKTeX 2.9\tex\latex\amsmath\amsmath.sty"
Package: amsmath 2013/01/14 v2.14 AMS math features
\@mathmargin=\skip46

For additional information on amsmath, use the `?' option.
("C:\Users\io\AppData\Local\Programs\MiKTeX 2.9\tex\latex\amsmath\amstext.sty"
Package: amstext 2000/06/29 v2.01

("C:\Users\io\AppData\Local\Programs\MiKTeX 2.9\tex\latex\amsmath\amsgen.sty"
File: amsgen.sty 1999/11/30 v2.0
\@emptytoks=\toks20
\ex@=\dimen134
)) ("C:\Users\io\AppData\Local\Programs\MiKTeX 2.9\tex\latex\amsmath\amsbsy.sty
"
Package: amsbsy 1999/11/29 v1.2d
\pmbraise@=\dimen135
) ("C:\Users\io\AppData\Local\Programs\MiKTeX 2.9\tex\latex\amsmath\amsopn.sty"
Package: amsopn 1999/12/14 v2.01 operator names
)
\inf@bad=\count106
LaTeX Info: Redefining \frac on input line 210.
\uproot@=\count107
\leftroot@=\count108
LaTeX Info: Redefining \overline on input line 306.
\classnum@=\count109
\DOTSCASE@=\count110
LaTeX Info: Redefining \ldots on input line 378.
LaTeX Info: Redefining \dots on input line 381.
LaTeX Info: Redefining \cdots on input line 466.
\Mathstrutbox@=\box26
\strutbox@=\box27
\big@size=\dimen136
LaTeX Font Info:    Redeclaring font encoding OML on input line 566.
LaTeX Font Info:    Redeclaring font encoding OMS on input line 567.
\macc@depth=\count111
\c@MaxMatrixCols=\count112
\dotsspace@=\muskip10
\c@parentequation=\count113
\dspbrk@lvl=\count114
\tag@help=\toks21
\row@=\count115
\column@=\count116
\maxfields@=\count117
\andhelp@=\toks22
\eqnshift@=\dimen137
\alignsep@=\dimen138
\tagshift@=\dimen139
\tagwidth@=\dimen140
\totwidth@=\dimen141
\lineht@=\dimen142
\@envbody=\toks23
\multlinegap=\skip47
\multlinetaggap=\skip48
\mathdisplay@stack=\toks24
LaTeX Info: Redefining \[ on input line 2665.
LaTeX Info: Redefining \] on input line 2666.
)
("C:\Users\io\AppData\Local\Programs\MiKTeX 2.9\tex\latex\datatool\datatool-fp.
sty"
Package: datatool-fp 2016/01/18 v2.25 (NLCT)
 ("C:\Users\io\AppData\Local\Programs\MiKTeX 2.9\tex\latex\fp\fp.sty"
Package: fp 1995/04/02

`Fixed Point Package', Version 0.8, April 2, 1995 (C) Michael Mehlich
("C:\Users\io\AppData\Local\Programs\MiKTeX 2.9\tex\latex\fp\defpattern.sty"
Package: defpattern 1994/10/12
\actioncount=\count118
)
("C:\Users\io\AppData\Local\Programs\MiKTeX 2.9\tex\latex\fp\fp-basic.sty"
Package: fp-basic 1996/05/13
\FP@xs=\count119
\FP@xia=\count120
\FP@xib=\count121
\FP@xfa=\count122
\FP@xfb=\count123
\FP@rega=\count124
\FP@regb=\count125
\FP@regs=\count126
\FP@times=\count127
)
("C:\Users\io\AppData\Local\Programs\MiKTeX 2.9\tex\latex\fp\fp-addons.sty"
Package: fp-addons 1995/03/15
)
("C:\Users\io\AppData\Local\Programs\MiKTeX 2.9\tex\latex\fp\fp-snap.sty"
Package: fp-snap 1995/04/05
)
("C:\Users\io\AppData\Local\Programs\MiKTeX 2.9\tex\latex\fp\fp-exp.sty"
Package: fp-exp 1995/04/03
)
("C:\Users\io\AppData\Local\Programs\MiKTeX 2.9\tex\latex\fp\fp-trigo.sty"
Package: fp-trigo 1995/04/14
)
("C:\Users\io\AppData\Local\Programs\MiKTeX 2.9\tex\latex\fp\fp-pas.sty"
Package: fp-pas 1994/08/29
)
("C:\Users\io\AppData\Local\Programs\MiKTeX 2.9\tex\latex\fp\fp-random.sty"
Package: fp-random 1995/02/23
\FPseed=\count128
)
("C:\Users\io\AppData\Local\Programs\MiKTeX 2.9\tex\latex\fp\fp-eqn.sty"
Package: fp-eqn 1995/04/03
)
("C:\Users\io\AppData\Local\Programs\MiKTeX 2.9\tex\latex\fp\fp-upn.sty"
Package: fp-upn 1996/10/21
)
("C:\Users\io\AppData\Local\Programs\MiKTeX 2.9\tex\latex\fp\fp-eval.sty"
Package: fp-eval 1995/04/03
)))
\@dtl@toks=\toks25
\@dtl@tmpcount=\count129
\dtl@tmplength=\skip49
\dtl@sortresult=\count130
\@dtl@numgrpsepcount=\count131
\@dtl@datatype=\count132
\dtl@codeA=\count133
\dtl@codeB=\count134
\@dtl@foreach@level=\count135
)
\dtlcolumnnum=\count136
\dtlrownum=\count137
\@dtl@before=\toks26
\@dtl@after=\toks27
\@dtl@colhead=\toks28
\dtlcurrentrow=\toks29
\dtlbeforerow=\toks30
\dtlafterrow=\toks31
\dtlforeachlevel=\count138
\c@DTLrowi=\count139
\c@DTLrowii=\count140
\c@DTLrowiii=\count141
\c@DTLrow=\count142
\dtl@rowi=\count143
\dtl@rowii=\count144
\dtl@rowiii=\count145
\@dtl@curi=\toks32
\@dtl@previ=\toks33
\@dtl@nexti=\toks34
\@dtl@curii=\toks35
\@dtl@previi=\toks36
\@dtl@nextii=\toks37
\@dtl@curiii=\toks38
\@dtl@previii=\toks39
\@dtl@nextiii=\toks40
\@dtl@elements=\count146
\@dtl@list=\toks41
\@dtl@rowa=\toks42
\@dtl@rowb=\toks43
\@dtl@toksA=\toks44
\@dtl@toksB=\toks45
\@dtl@write=\write3
\@dtl@read=\read1
\dtl@entrycr=\count147
\dtl@omitlines=\count148
)
("C:\Users\io\AppData\Local\Programs\MiKTeX 2.9\tex\latex\tools\dcolumn.sty"
Package: dcolumn 2014/10/28 v1.06 decimal alignment package (DPC)

("C:\Users\io\AppData\Local\Programs\MiKTeX 2.9\tex\latex\tools\array.sty"
Package: array 2014/10/28 v2.4c Tabular extension package (FMi)
\col@sep=\dimen143
\extrarowheight=\dimen144
\NC@list=\toks46
\extratabsurround=\skip50
\backup@length=\skip51
))
("C:\Users\io\AppData\Local\Programs\MiKTeX 2.9\tex\latex\oberdiek\epstopdf.sty
"
Package: epstopdf 2010/02/09 v2.5 Conversion with epstopdf on the fly (HO)

("C:\Users\io\AppData\Local\Programs\MiKTeX 2.9\tex\latex\oberdiek\epstopdf-bas
e.sty"
Package: epstopdf-base 2010/02/09 v2.5 Base part for package epstopdf

("C:\Users\io\AppData\Local\Programs\MiKTeX 2.9\tex\generic\oberdiek\infwarerr.
sty"
Package: infwarerr 2010/04/08 v1.3 Providing info/warning/error messages (HO)
)
("C:\Users\io\AppData\Local\Programs\MiKTeX 2.9\tex\latex\oberdiek\grfext.sty"
Package: grfext 2010/08/19 v1.1 Manage graphics extensions (HO)

("C:\Users\io\AppData\Local\Programs\MiKTeX 2.9\tex\generic\oberdiek\kvdefineke
ys.sty"
Package: kvdefinekeys 2011/04/07 v1.3 Define keys (HO)

("C:\Users\io\AppData\Local\Programs\MiKTeX 2.9\tex\generic\oberdiek\ltxcmds.st
y"
Package: ltxcmds 2011/11/09 v1.22 LaTeX kernel commands for general use (HO)
)))
("C:\Users\io\AppData\Local\Programs\MiKTeX 2.9\tex\latex\oberdiek\kvoptions.st
y"
Package: kvoptions 2011/06/30 v3.11 Key value format for package options (HO)

("C:\Users\io\AppData\Local\Programs\MiKTeX 2.9\tex\generic\oberdiek\kvsetkeys.
sty"
Package: kvsetkeys 2012/04/25 v1.16 Key value parser (HO)

("C:\Users\io\AppData\Local\Programs\MiKTeX 2.9\tex\generic\oberdiek\etexcmds.s
ty"
Package: etexcmds 2011/02/16 v1.5 Avoid name clashes with e-TeX commands (HO)
Package etexcmds Info: Could not find \expanded.
(etexcmds)             That can mean that you are not using pdfTeX 1.50 or
(etexcmds)             that some package has redefined \expanded.
(etexcmds)             In the latter case, load this package earlier.
)))
("C:\Users\io\AppData\Local\Programs\MiKTeX 2.9\tex\generic\oberdiek\pdftexcmds
.sty"
Package: pdftexcmds 2011/11/29 v0.20 Utility functions of pdfTeX for LuaTeX (HO
)
Package pdftexcmds Info: LuaTeX not detected.
Package pdftexcmds Info: \pdf@primitive is available.
Package pdftexcmds Info: \pdf@ifprimitive is available.
Package pdftexcmds Info: \pdfdraftmode found.
)

Package epstopdf Warning: No graphics package `graphic{s,x}' loaded.

))
("C:\Users\io\AppData\Local\Programs\MiKTeX 2.9\tex\latex\enumitem\enumitem.sty
"
Package: enumitem 2011/09/28 v3.5.2 Customized lists
\enitkv@toks@=\toks47
\labelindent=\skip52
\enit@outerparindent=\dimen145
\enit@toks=\toks48
\enit@inbox=\box28
\enitdp@description=\count149
) ("C:\Users\io\AppData\Local\Programs\MiKTeX 2.9\tex\latex\eurosym\eurosym.sty
"
Package: eurosym 1998/08/06 v1.1 European currency symbol ``Euro''
\@eurobox=\box29
)
("C:\Users\io\AppData\Local\Programs\MiKTeX 2.9\tex\latex\fancyhdr\fancyhdr.sty
"
\fancy@headwidth=\skip53
\f@ncyO@elh=\skip54
\f@ncyO@erh=\skip55
\f@ncyO@olh=\skip56
\f@ncyO@orh=\skip57
\f@ncyO@elf=\skip58
\f@ncyO@erf=\skip59
\f@ncyO@olf=\skip60
\f@ncyO@orf=\skip61
) ("C:\Users\io\AppData\Local\Programs\MiKTeX 2.9\tex\latex\float\float.sty"
Package: float 2001/11/08 v1.3d Float enhancements (AL)
\c@float@type=\count150
\float@exts=\toks49
\float@box=\box30
\@float@everytoks=\toks50
\@floatcapt=\box31
)
("C:\Users\io\AppData\Local\Programs\MiKTeX 2.9\tex\latex\footmisc\footmisc.sty
"
Package: footmisc 2011/06/06 v5.5b a miscellany of footnote facilities
\FN@temptoken=\toks51
\footnotemargin=\dimen146


LaTeX Warning: Command \@makecol  has changed.
               Check if current package is valid.

\c@pp@next@reset=\count151
Package footmisc Info: Declaring symbol style bringhurst on input line 855.
Package footmisc Info: Declaring symbol style chicago on input line 863.
Package footmisc Info: Declaring symbol style wiley on input line 872.
Package footmisc Info: Declaring symbol style lamport-robust on input line 883.

Package footmisc Info: Declaring symbol style lamport* on input line 903.
Package footmisc Info: Declaring symbol style lamport*-robust on input line 924
.
)
("C:\Users\io\AppData\Local\Programs\MiKTeX 2.9\tex\latex\glossaries\base\gloss
aries.sty"
Package: glossaries 2016/01/24 v4.21 (NLCT)

("C:\Users\io\AppData\Local\Programs\MiKTeX 2.9\tex\latex\mfirstuc\mfirstuc.sty
"
Package: mfirstuc 2015/12/17 v2.02 (NLCT)
\@glsmfirst=\toks52
\@glsmrest=\toks53
)
("C:\Users\io\AppData\Local\Programs\MiKTeX 2.9\tex\latex\textcase\textcase.sty
"
Package: textcase 2004/10/07 v0.07 Text only upper/lower case changing (DPC)
)
("C:\Users\io\AppData\Local\Programs\MiKTeX 2.9\tex\latex\glossaries\base\gloss
aries-compatible-307.sty"
Package: glossaries-compatible-307 2016/01/24 v4.21 (NLCT)
)
("C:\Users\io\AppData\Local\Programs\MiKTeX 2.9\tex\latex\tracklang\tracklang.s
ty"
Package: tracklang 2015/03/23 v1.2 (NLCT) Track Languages

("C:\Users\io\AppData\Local\Programs\MiKTeX 2.9\tex\generic\tracklang\tracklang
.tex"))
("C:\Users\io\AppData\Local\Programs\MiKTeX 2.9\tex\latex\beamer\base\translato
r\translator.sty"
Package: translator 2010/06/12 ver 1.10

("C:\Users\io\AppData\Local\Programs\MiKTeX 2.9\tex\latex\beamer\base\translato
r\translator-language-mappings.tex"))
("C:\Users\io\AppData\Local\Programs\MiKTeX 2.9\tex\latex\glossaries-italian\gl
ossaries-italian.ldf"
File: glossaries-italian.ldf 2014/11/23 v1.0
)
\gls@level=\count152
\@gls@tmpb=\toks54
\gls@tmplen=\skip62
\glskeylisttok=\toks55
\glslabeltok=\toks56
\glsshorttok=\toks57
\glslongtok=\toks58

("C:\Users\io\AppData\Local\Programs\MiKTeX 2.9\tex\latex\glossaries\styles\glo
ssary-hypernav.sty"
Package: glossary-hypernav 2016/01/24 v4.21 (NLCT)
)
("C:\Users\io\AppData\Local\Programs\MiKTeX 2.9\tex\latex\glossaries\styles\glo
ssary-list.sty"
Package: glossary-list 2016/01/24 v4.21 (NLCT)
\glslistdottedwidth=\skip63
)
("C:\Users\io\AppData\Local\Programs\MiKTeX 2.9\tex\latex\glossaries\styles\glo
ssary-long.sty"
Package: glossary-long 2016/01/24 v4.21 (NLCT)

("C:\Users\io\AppData\Local\Programs\MiKTeX 2.9\tex\latex\tools\longtable.sty"
Package: longtable 2014/10/28 v4.11 Multi-page Table package (DPC)
\LTleft=\skip64
\LTright=\skip65
\LTpre=\skip66
\LTpost=\skip67
\LTchunksize=\count153
\LTcapwidth=\dimen147
\LT@head=\box32
\LT@firsthead=\box33
\LT@foot=\box34
\LT@lastfoot=\box35
\LT@cols=\count154
\LT@rows=\count155
\c@LT@tables=\count156
\c@LT@chunks=\count157
\LT@p@ftn=\toks59
)
\glsdescwidth=\skip68
\glspagelistwidth=\skip69
)
("C:\Users\io\AppData\Local\Programs\MiKTeX 2.9\tex\latex\glossaries\styles\glo
ssary-super.sty"
Package: glossary-super 2016/01/24 v4.21 (NLCT)

("C:\Users\io\AppData\Local\Programs\MiKTeX 2.9\tex\latex\supertabular\supertab
ular.sty"
Package: supertabular 2004/02/20 v4.1e the supertabular environment
\c@tracingst=\count158
\ST@wd=\dimen148
\ST@rightskip=\skip70
\ST@leftskip=\skip71
\ST@parfillskip=\skip72
\ST@pageleft=\dimen149
\ST@headht=\dimen150
\ST@tailht=\dimen151
\ST@pagesofar=\dimen152
\ST@pboxht=\dimen153
\ST@lineht=\dimen154
\ST@stretchht=\dimen155
\ST@prevht=\dimen156
\ST@toadd=\dimen157
\ST@dimen=\dimen158
\ST@pbox=\box36
))
("C:\Users\io\AppData\Local\Programs\MiKTeX 2.9\tex\latex\glossaries\styles\glo
ssary-tree.sty"
Package: glossary-tree 2016/01/24 v4.21 (NLCT)
\glstreeindent=\skip73
))
("C:\Users\io\AppData\Local\Programs\MiKTeX 2.9\tex\latex\graphics\graphicx.sty
"
Package: graphicx 2014/10/28 v1.0g Enhanced LaTeX Graphics (DPC,SPQR)

("C:\Users\io\AppData\Local\Programs\MiKTeX 2.9\tex\latex\graphics\graphics.sty
"
Package: graphics 2014/10/28 v1.0p Standard LaTeX Graphics (DPC,SPQR)
 ("C:\Users\io\AppData\Local\Programs\MiKTeX 2.9\tex\latex\graphics\trig.sty"
Package: trig 1999/03/16 v1.09 sin cos tan (DPC)
) ("C:\Users\io\AppData\Local\Programs\MiKTeX 2.9\tex\latex\00miktex\graphics.c
fg"
File: graphics.cfg 2007/01/18 v1.5 graphics configuration of teTeX/TeXLive
)
Package graphics Info: Driver file: pdftex.def on input line 94.

("C:\Users\io\AppData\Local\Programs\MiKTeX 2.9\tex\latex\pdftex-def\pdftex.def
"
File: pdftex.def 2011/05/27 v0.06d Graphics/color for pdfTeX
\Gread@gobject=\count159
))
\Gin@req@height=\dimen159
\Gin@req@width=\dimen160
)
("C:\Users\io\AppData\Local\Programs\MiKTeX 2.9\tex\latex\subfigure\subfigure.s
ty"
Package: subfigure 2002/07/30 v2.1.4 subfigure package
\subfigtopskip=\skip74
\subfigcapskip=\skip75
\subfigcaptopadj=\dimen161
\subfigbottomskip=\skip76
\subfigcapmargin=\dimen162
\subfiglabelskip=\skip77
\c@subfigure=\count160
\c@lofdepth=\count161
\c@subtable=\count162
\c@lotdepth=\count163

****************************************
* Local config file subfigure.cfg used *
****************************************

("C:\Users\io\AppData\Local\Programs\MiKTeX 2.9\tex\latex\subfigure\subfigure.c
fg")
\subfig@top=\skip78
\subfig@bottom=\skip79
)
("C:\Users\io\AppData\Local\Programs\MiKTeX 2.9\tex\latex\oberdiek\grffile.sty"
Package: grffile 2012/04/05 v1.16 Extended file name support for graphics (HO)
Package grffile Info: Option `multidot' is set to `true'.
Package grffile Info: Option `extendedchars' is set to `false'.
Package grffile Info: Option `space' is set to `true'.
Package grffile Info: \Gin@ii of package `graphicx' fixed on input line 486.
)
("C:\Users\io\AppData\Local\Programs\MiKTeX 2.9\tex\latex\hyperref\hyperref.sty
"
Package: hyperref 2012/11/06 v6.83m Hypertext links for LaTeX

("C:\Users\io\AppData\Local\Programs\MiKTeX 2.9\tex\generic\oberdiek\hobsub-hyp
erref.sty"
Package: hobsub-hyperref 2012/04/25 v1.12 Bundle oberdiek, subset hyperref (HO)


("C:\Users\io\AppData\Local\Programs\MiKTeX 2.9\tex\generic\oberdiek\hobsub-gen
eric.sty"
Package: hobsub-generic 2012/04/25 v1.12 Bundle oberdiek, subset generic (HO)
Package: hobsub 2012/04/25 v1.12 Construct package bundles (HO)
Package hobsub Info: Skipping package `infwarerr' (already loaded).
Package hobsub Info: Skipping package `ltxcmds' (already loaded).
Package hobsub Info: Skipping package `ifluatex' (already loaded).
Package hobsub Info: Skipping package `ifvtex' (already loaded).
Package: intcalc 2007/09/27 v1.1 Expandable calculations with integers (HO)
Package hobsub Info: Skipping package `ifpdf' (already loaded).
Package hobsub Info: Skipping package `etexcmds' (already loaded).
Package hobsub Info: Skipping package `kvsetkeys' (already loaded).
Package hobsub Info: Skipping package `kvdefinekeys' (already loaded).
Package hobsub Info: Skipping package `pdftexcmds' (already loaded).
Package: pdfescape 2011/11/25 v1.13 Implements pdfTeX's escape features (HO)
Package: bigintcalc 2012/04/08 v1.3 Expandable calculations on big integers (HO
)
Package: bitset 2011/01/30 v1.1 Handle bit-vector datatype (HO)
Package: uniquecounter 2011/01/30 v1.2 Provide unlimited unique counter (HO)
)
Package hobsub Info: Skipping package `hobsub' (already loaded).
Package: letltxmacro 2010/09/02 v1.4 Let assignment for LaTeX macros (HO)
Package: hopatch 2011/06/24 v1.1 Wrapper for package hooks (HO)
Package: xcolor-patch 2011/01/30 xcolor patch
Package: atveryend 2011/06/30 v1.8 Hooks at the very end of document (HO)
Package: atbegshi 2011/10/05 v1.16 At begin shipout hook (HO)
Package: refcount 2011/10/16 v3.4 Data extraction from label references (HO)
Package: hycolor 2011/01/30 v1.7 Color options for hyperref/bookmark (HO)
)
("C:\Users\io\AppData\Local\Programs\MiKTeX 2.9\tex\latex\oberdiek\auxhook.sty"
Package: auxhook 2011/03/04 v1.3 Hooks for auxiliary files (HO)
)
\@linkdim=\dimen163
\Hy@linkcounter=\count164
\Hy@pagecounter=\count165
 ("C:\Users\io\AppData\Local\Programs\MiKTeX 2.9\tex\latex\hyperref\pd1enc.def"
File: pd1enc.def 2012/11/06 v6.83m Hyperref: PDFDocEncoding definition (HO)
Now handling font encoding PD1 ...
... no UTF-8 mapping file for font encoding PD1
)
\Hy@SavedSpaceFactor=\count166

("C:\Users\io\AppData\Local\Programs\MiKTeX 2.9\tex\latex\00miktex\hyperref.cfg
"
File: hyperref.cfg 2002/06/06 v1.2 hyperref configuration of TeXLive
)
Package hyperref Info: Option `colorlinks' set `true' on input line 4319.
Package hyperref Info: Option `hyperindex' set `true' on input line 4319.
Package hyperref Info: Option `breaklinks' set `true' on input line 4319.
Package hyperref Info: Hyper figures OFF on input line 4443.
Package hyperref Info: Link nesting OFF on input line 4448.
Package hyperref Info: Hyper index ON on input line 4451.
Package hyperref Info: Plain pages OFF on input line 4458.
Package hyperref Info: Backreferencing OFF on input line 4463.
Package hyperref Info: Implicit mode ON; LaTeX internals redefined.
Package hyperref Info: Bookmarks ON on input line 4688.
\c@Hy@tempcnt=\count167
 ("C:\Users\io\AppData\Local\Programs\MiKTeX 2.9\tex\latex\url\url.sty"
\Urlmuskip=\muskip11
Package: url 2013/09/16  ver 3.4  Verb mode for urls, etc.
)
LaTeX Info: Redefining \url on input line 5041.
\XeTeXLinkMargin=\dimen164
\Fld@menulength=\count168
\Field@Width=\dimen165
\Fld@charsize=\dimen166
Package hyperref Info: Hyper figures OFF on input line 6295.
Package hyperref Info: Link nesting OFF on input line 6300.
Package hyperref Info: Hyper index ON on input line 6303.
Package hyperref Info: backreferencing OFF on input line 6310.
Package hyperref Info: Link coloring ON on input line 6313.
Package hyperref Info: Link coloring with OCG OFF on input line 6320.
Package hyperref Info: PDF/A mode OFF on input line 6325.
LaTeX Info: Redefining \ref on input line 6365.
LaTeX Info: Redefining \pageref on input line 6369.
\Hy@abspage=\count169
\c@Item=\count170
\c@Hfootnote=\count171
)

Package hyperref Message: Driver (autodetected): hpdftex.

("C:\Users\io\AppData\Local\Programs\MiKTeX 2.9\tex\latex\hyperref\hpdftex.def"
File: hpdftex.def 2012/11/06 v6.83m Hyperref driver for pdfTeX
\Fld@listcount=\count172
\c@bookmark@seq@number=\count173

("C:\Users\io\AppData\Local\Programs\MiKTeX 2.9\tex\latex\oberdiek\rerunfileche
ck.sty"
Package: rerunfilecheck 2011/04/15 v1.7 Rerun checks for auxiliary files (HO)
Package uniquecounter Info: New unique counter `rerunfilecheck' on input line 2
82.
)
\Hy@SectionHShift=\skip80
)
("C:\Users\io\AppData\Local\Programs\MiKTeX 2.9\tex\latex\pgf\basiclayer\pgf.st
y"
("C:\Users\io\AppData\Local\Programs\MiKTeX 2.9\tex\latex\pgf\utilities\pgfrcs.
sty"
("C:\Users\io\AppData\Local\Programs\MiKTeX 2.9\tex\generic\pgf\utilities\pgfut
il-common.tex"
\pgfutil@everybye=\toks60
\pgfutil@tempdima=\dimen167
\pgfutil@tempdimb=\dimen168

("C:\Users\io\AppData\Local\Programs\MiKTeX 2.9\tex\generic\pgf\utilities\pgfut
il-common-lists.tex"))
("C:\Users\io\AppData\Local\Programs\MiKTeX 2.9\tex\generic\pgf\utilities\pgfut
il-latex.def"
\pgfutil@abb=\box37

("C:\Users\io\AppData\Local\Programs\MiKTeX 2.9\tex\latex\ms\everyshi.sty"
Package: everyshi 2001/05/15 v3.00 EveryShipout Package (MS)
))
("C:\Users\io\AppData\Local\Programs\MiKTeX 2.9\tex\generic\pgf\utilities\pgfrc
s.code.tex"
Package: pgfrcs 2015/08/07 v3.0.1a (rcs-revision 1.31)
))
Package: pgf 2015/08/07 v3.0.1a (rcs-revision 1.15)

("C:\Users\io\AppData\Local\Programs\MiKTeX 2.9\tex\latex\pgf\basiclayer\pgfcor
e.sty"
("C:\Users\io\AppData\Local\Programs\MiKTeX 2.9\tex\latex\pgf\systemlayer\pgfsy
s.sty"
("C:\Users\io\AppData\Local\Programs\MiKTeX 2.9\tex\generic\pgf\systemlayer\pgf
sys.code.tex"
Package: pgfsys 2014/07/09 v3.0.1a (rcs-revision 1.48)

("C:\Users\io\AppData\Local\Programs\MiKTeX 2.9\tex\generic\pgf\utilities\pgfke
ys.code.tex"
\pgfkeys@pathtoks=\toks61
\pgfkeys@temptoks=\toks62

("C:\Users\io\AppData\Local\Programs\MiKTeX 2.9\tex\generic\pgf\utilities\pgfke
ysfiltered.code.tex"
\pgfkeys@tmptoks=\toks63
))
\pgf@x=\dimen169
\pgf@y=\dimen170
\pgf@xa=\dimen171
\pgf@ya=\dimen172
\pgf@xb=\dimen173
\pgf@yb=\dimen174
\pgf@xc=\dimen175
\pgf@yc=\dimen176
\w@pgf@writea=\write4
\r@pgf@reada=\read2
\c@pgf@counta=\count174
\c@pgf@countb=\count175
\c@pgf@countc=\count176
\c@pgf@countd=\count177
\t@pgf@toka=\toks64
\t@pgf@tokb=\toks65
\t@pgf@tokc=\toks66

("C:\Users\io\AppData\Local\Programs\MiKTeX 2.9\tex\generic\pgf\systemlayer\pgf
.cfg"
File: pgf.cfg 2008/05/14  (rcs-revision 1.7)
)
Driver file for pgf: pgfsys-pdftex.def

("C:\Users\io\AppData\Local\Programs\MiKTeX 2.9\tex\generic\pgf\systemlayer\pgf
sys-pdftex.def"
File: pgfsys-pdftex.def 2014/10/11  (rcs-revision 1.35)

("C:\Users\io\AppData\Local\Programs\MiKTeX 2.9\tex\generic\pgf\systemlayer\pgf
sys-common-pdf.def"
File: pgfsys-common-pdf.def 2013/10/10  (rcs-revision 1.13)
)))
("C:\Users\io\AppData\Local\Programs\MiKTeX 2.9\tex\generic\pgf\systemlayer\pgf
syssoftpath.code.tex"
File: pgfsyssoftpath.code.tex 2013/09/09  (rcs-revision 1.9)
\pgfsyssoftpath@smallbuffer@items=\count178
\pgfsyssoftpath@bigbuffer@items=\count179
)
("C:\Users\io\AppData\Local\Programs\MiKTeX 2.9\tex\generic\pgf\systemlayer\pgf
sysprotocol.code.tex"
File: pgfsysprotocol.code.tex 2006/10/16  (rcs-revision 1.4)
))
("C:\Users\io\AppData\Local\Programs\MiKTeX 2.9\tex\latex\xcolor\xcolor.sty"
Package: xcolor 2007/01/21 v2.11 LaTeX color extensions (UK)

("C:\Users\io\AppData\Local\Programs\MiKTeX 2.9\tex\latex\00miktex\color.cfg"
File: color.cfg 2007/01/18 v1.5 color configuration of teTeX/TeXLive
)
Package xcolor Info: Driver file: pdftex.def on input line 225.
Package xcolor Info: Model `cmy' substituted by `cmy0' on input line 1337.
Package xcolor Info: Model `hsb' substituted by `rgb' on input line 1341.
Package xcolor Info: Model `RGB' extended on input line 1353.
Package xcolor Info: Model `HTML' substituted by `rgb' on input line 1355.
Package xcolor Info: Model `Hsb' substituted by `hsb' on input line 1356.
Package xcolor Info: Model `tHsb' substituted by `hsb' on input line 1357.
Package xcolor Info: Model `HSB' substituted by `hsb' on input line 1358.
Package xcolor Info: Model `Gray' substituted by `gray' on input line 1359.
Package xcolor Info: Model `wave' substituted by `hsb' on input line 1360.
)
("C:\Users\io\AppData\Local\Programs\MiKTeX 2.9\tex\generic\pgf\basiclayer\pgfc
ore.code.tex"
Package: pgfcore 2010/04/11 v3.0.1a (rcs-revision 1.7)

("C:\Users\io\AppData\Local\Programs\MiKTeX 2.9\tex\generic\pgf\math\pgfmath.co
de.tex"
("C:\Users\io\AppData\Local\Programs\MiKTeX 2.9\tex\generic\pgf\math\pgfmathcal
c.code.tex"
("C:\Users\io\AppData\Local\Programs\MiKTeX 2.9\tex\generic\pgf\math\pgfmathuti
l.code.tex")
("C:\Users\io\AppData\Local\Programs\MiKTeX 2.9\tex\generic\pgf\math\pgfmathpar
ser.code.tex"
\pgfmath@dimen=\dimen177
\pgfmath@count=\count180
\pgfmath@box=\box38
\pgfmath@toks=\toks67
\pgfmath@stack@operand=\toks68
\pgfmath@stack@operation=\toks69
)
("C:\Users\io\AppData\Local\Programs\MiKTeX 2.9\tex\generic\pgf\math\pgfmathfun
ctions.code.tex"
("C:\Users\io\AppData\Local\Programs\MiKTeX 2.9\tex\generic\pgf\math\pgfmathfun
ctions.basic.code.tex")
("C:\Users\io\AppData\Local\Programs\MiKTeX 2.9\tex\generic\pgf\math\pgfmathfun
ctions.trigonometric.code.tex")
("C:\Users\io\AppData\Local\Programs\MiKTeX 2.9\tex\generic\pgf\math\pgfmathfun
ctions.random.code.tex")
("C:\Users\io\AppData\Local\Programs\MiKTeX 2.9\tex\generic\pgf\math\pgfmathfun
ctions.comparison.code.tex")
("C:\Users\io\AppData\Local\Programs\MiKTeX 2.9\tex\generic\pgf\math\pgfmathfun
ctions.base.code.tex")
("C:\Users\io\AppData\Local\Programs\MiKTeX 2.9\tex\generic\pgf\math\pgfmathfun
ctions.round.code.tex")
("C:\Users\io\AppData\Local\Programs\MiKTeX 2.9\tex\generic\pgf\math\pgfmathfun
ctions.misc.code.tex")
("C:\Users\io\AppData\Local\Programs\MiKTeX 2.9\tex\generic\pgf\math\pgfmathfun
ctions.integerarithmetics.code.tex")))
("C:\Users\io\AppData\Local\Programs\MiKTeX 2.9\tex\generic\pgf\math\pgfmathflo
at.code.tex"
\c@pgfmathroundto@lastzeros=\count181
))
("C:\Users\io\AppData\Local\Programs\MiKTeX 2.9\tex\generic\pgf\basiclayer\pgfc
orepoints.code.tex"
File: pgfcorepoints.code.tex 2013/10/07  (rcs-revision 1.27)
\pgf@picminx=\dimen178
\pgf@picmaxx=\dimen179
\pgf@picminy=\dimen180
\pgf@picmaxy=\dimen181
\pgf@pathminx=\dimen182
\pgf@pathmaxx=\dimen183
\pgf@pathminy=\dimen184
\pgf@pathmaxy=\dimen185
\pgf@xx=\dimen186
\pgf@xy=\dimen187
\pgf@yx=\dimen188
\pgf@yy=\dimen189
\pgf@zx=\dimen190
\pgf@zy=\dimen191
)
("C:\Users\io\AppData\Local\Programs\MiKTeX 2.9\tex\generic\pgf\basiclayer\pgfc
orepathconstruct.code.tex"
File: pgfcorepathconstruct.code.tex 2013/10/07  (rcs-revision 1.29)
\pgf@path@lastx=\dimen192
\pgf@path@lasty=\dimen193
)
("C:\Users\io\AppData\Local\Programs\MiKTeX 2.9\tex\generic\pgf\basiclayer\pgfc
orepathusage.code.tex"
File: pgfcorepathusage.code.tex 2014/11/02  (rcs-revision 1.24)
\pgf@shorten@end@additional=\dimen194
\pgf@shorten@start@additional=\dimen195
)
("C:\Users\io\AppData\Local\Programs\MiKTeX 2.9\tex\generic\pgf\basiclayer\pgfc
orescopes.code.tex"
File: pgfcorescopes.code.tex 2015/05/08  (rcs-revision 1.46)
\pgfpic=\box39
\pgf@hbox=\box40
\pgf@layerbox@main=\box41
\pgf@picture@serial@count=\count182
)
("C:\Users\io\AppData\Local\Programs\MiKTeX 2.9\tex\generic\pgf\basiclayer\pgfc
oregraphicstate.code.tex"
File: pgfcoregraphicstate.code.tex 2014/11/02  (rcs-revision 1.12)
\pgflinewidth=\dimen196
)
("C:\Users\io\AppData\Local\Programs\MiKTeX 2.9\tex\generic\pgf\basiclayer\pgfc
oretransformations.code.tex"
File: pgfcoretransformations.code.tex 2015/08/07  (rcs-revision 1.20)
\pgf@pt@x=\dimen197
\pgf@pt@y=\dimen198
\pgf@pt@temp=\dimen199
)
("C:\Users\io\AppData\Local\Programs\MiKTeX 2.9\tex\generic\pgf\basiclayer\pgfc
orequick.code.tex"
File: pgfcorequick.code.tex 2008/10/09  (rcs-revision 1.3)
)
("C:\Users\io\AppData\Local\Programs\MiKTeX 2.9\tex\generic\pgf\basiclayer\pgfc
oreobjects.code.tex"
File: pgfcoreobjects.code.tex 2006/10/11  (rcs-revision 1.2)
)
("C:\Users\io\AppData\Local\Programs\MiKTeX 2.9\tex\generic\pgf\basiclayer\pgfc
orepathprocessing.code.tex"
File: pgfcorepathprocessing.code.tex 2013/09/09  (rcs-revision 1.9)
)
("C:\Users\io\AppData\Local\Programs\MiKTeX 2.9\tex\generic\pgf\basiclayer\pgfc
orearrows.code.tex"
File: pgfcorearrows.code.tex 2015/05/14  (rcs-revision 1.43)
\pgfarrowsep=\dimen256
)
("C:\Users\io\AppData\Local\Programs\MiKTeX 2.9\tex\generic\pgf\basiclayer\pgfc
oreshade.code.tex"
File: pgfcoreshade.code.tex 2013/07/15  (rcs-revision 1.15)
\pgf@max=\dimen257
\pgf@sys@shading@range@num=\count183
)
("C:\Users\io\AppData\Local\Programs\MiKTeX 2.9\tex\generic\pgf\basiclayer\pgfc
oreimage.code.tex"
File: pgfcoreimage.code.tex 2013/07/15  (rcs-revision 1.18)

("C:\Users\io\AppData\Local\Programs\MiKTeX 2.9\tex\generic\pgf\basiclayer\pgfc
oreexternal.code.tex"
File: pgfcoreexternal.code.tex 2014/07/09  (rcs-revision 1.21)
\pgfexternal@startupbox=\box42
))
("C:\Users\io\AppData\Local\Programs\MiKTeX 2.9\tex\generic\pgf\basiclayer\pgfc
orelayers.code.tex"
File: pgfcorelayers.code.tex 2013/07/18  (rcs-revision 1.7)
)
("C:\Users\io\AppData\Local\Programs\MiKTeX 2.9\tex\generic\pgf\basiclayer\pgfc
oretransparency.code.tex"
File: pgfcoretransparency.code.tex 2013/09/30  (rcs-revision 1.5)
)
("C:\Users\io\AppData\Local\Programs\MiKTeX 2.9\tex\generic\pgf\basiclayer\pgfc
orepatterns.code.tex"
File: pgfcorepatterns.code.tex 2013/11/07  (rcs-revision 1.5)
)))
("C:\Users\io\AppData\Local\Programs\MiKTeX 2.9\tex\generic\pgf\modules\pgfmodu
leshapes.code.tex"
File: pgfmoduleshapes.code.tex 2014/03/21  (rcs-revision 1.35)
\pgfnodeparttextbox=\box43
)
("C:\Users\io\AppData\Local\Programs\MiKTeX 2.9\tex\generic\pgf\modules\pgfmodu
leplot.code.tex"
File: pgfmoduleplot.code.tex 2015/08/03  (rcs-revision 1.13)
)
("C:\Users\io\AppData\Local\Programs\MiKTeX 2.9\tex\latex\pgf\compatibility\pgf
comp-version-0-65.sty"
Package: pgfcomp-version-0-65 2007/07/03 v3.0.1a (rcs-revision 1.7)
\pgf@nodesepstart=\dimen258
\pgf@nodesepend=\dimen259
)
("C:\Users\io\AppData\Local\Programs\MiKTeX 2.9\tex\latex\pgf\compatibility\pgf
comp-version-1-18.sty"
Package: pgfcomp-version-1-18 2007/07/23 v3.0.1a (rcs-revision 1.1)
))
("C:\Users\io\AppData\Local\Programs\MiKTeX 2.9\tex\latex\pgfplots\pgfplots.sty
"
("C:\Users\io\AppData\Local\Programs\MiKTeX 2.9\tex\generic\pgfplots\pgfplots.r
evision.tex")
Package: pgfplots 2016/01/06 v1.13 Data Visualization (1.13)

("C:\Users\io\AppData\Local\Programs\MiKTeX 2.9\tex\latex\pgf\frontendlayer\tik
z.sty"
("C:\Users\io\AppData\Local\Programs\MiKTeX 2.9\tex\latex\pgf\utilities\pgffor.
sty"
("C:\Users\io\AppData\Local\Programs\MiKTeX 2.9\tex\latex\pgf\utilities\pgfkeys
.sty"
("C:\Users\io\AppData\Local\Programs\MiKTeX 2.9\tex\generic\pgf\utilities\pgfke
ys.code.tex"))
("C:\Users\io\AppData\Local\Programs\MiKTeX 2.9\tex\latex\pgf\math\pgfmath.sty"

("C:\Users\io\AppData\Local\Programs\MiKTeX 2.9\tex\generic\pgf\math\pgfmath.co
de.tex"))
("C:\Users\io\AppData\Local\Programs\MiKTeX 2.9\tex\generic\pgf\utilities\pgffo
r.code.tex"
Package: pgffor 2013/12/13 v3.0.1a (rcs-revision 1.25)

("C:\Users\io\AppData\Local\Programs\MiKTeX 2.9\tex\generic\pgf\math\pgfmath.co
de.tex")
\pgffor@iter=\dimen260
\pgffor@skip=\dimen261
\pgffor@stack=\toks70
\pgffor@toks=\toks71
))
("C:\Users\io\AppData\Local\Programs\MiKTeX 2.9\tex\generic\pgf\frontendlayer\t
ikz\tikz.code.tex"
Package: tikz 2015/08/07 v3.0.1a (rcs-revision 1.151)

("C:\Users\io\AppData\Local\Programs\MiKTeX 2.9\tex\generic\pgf\libraries\pgfli
braryplothandlers.code.tex"
File: pgflibraryplothandlers.code.tex 2013/08/31 v3.0.1a (rcs-revision 1.20)
\pgf@plot@mark@count=\count184
\pgfplotmarksize=\dimen262
)
\tikz@lastx=\dimen263
\tikz@lasty=\dimen264
\tikz@lastxsaved=\dimen265
\tikz@lastysaved=\dimen266
\tikzleveldistance=\dimen267
\tikzsiblingdistance=\dimen268
\tikz@figbox=\box44
\tikz@figbox@bg=\box45
\tikz@tempbox=\box46
\tikz@tempbox@bg=\box47
\tikztreelevel=\count185
\tikznumberofchildren=\count186
\tikznumberofcurrentchild=\count187
\tikz@fig@count=\count188

("C:\Users\io\AppData\Local\Programs\MiKTeX 2.9\tex\generic\pgf\modules\pgfmodu
lematrix.code.tex"
File: pgfmodulematrix.code.tex 2013/09/17  (rcs-revision 1.8)
\pgfmatrixcurrentrow=\count189
\pgfmatrixcurrentcolumn=\count190
\pgf@matrix@numberofcolumns=\count191
)
\tikz@expandcount=\count192

("C:\Users\io\AppData\Local\Programs\MiKTeX 2.9\tex\generic\pgf\frontendlayer\t
ikz\libraries\tikzlibrarytopaths.code.tex"
File: tikzlibrarytopaths.code.tex 2008/06/17 v3.0.1a (rcs-revision 1.2)
)))
("C:\Users\io\AppData\Local\Programs\MiKTeX 2.9\tex\generic\pgfplots\pgfplots.c
ode.tex"
("C:\Users\io\AppData\Local\Programs\MiKTeX 2.9\tex\generic\pgfplots\pgfplotsco
re.code.tex"
\t@pgfplots@toka=\toks72
\t@pgfplots@tokb=\toks73
\t@pgfplots@tokc=\toks74
\pgfplots@tmpa=\dimen269
\c@pgfplots@coordindex=\count193
\c@pgfplots@scanlineindex=\count194

("C:\Users\io\AppData\Local\Programs\MiKTeX 2.9\tex\generic\pgfplots\sys\pgfplo
tssysgeneric.code.tex"))
("C:\Users\io\AppData\Local\Programs\MiKTeX 2.9\tex\generic\pgfplots\libs\pgfpl
otslibrary.code.tex")
("C:\Users\io\AppData\Local\Programs\MiKTeX 2.9\tex\generic\pgfplots\oldpgfcomp
atib\pgfplotsoldpgfsupp_loader.code.tex"
("C:\Users\io\AppData\Local\Programs\MiKTeX 2.9\tex\generic\pgf\libraries\pgfli
braryfpu.code.tex")
Package pgfplots: loading complementary arithmetics for your pgf version...

("C:\Users\io\AppData\Local\Programs\MiKTeX 2.9\tex\generic\pgfplots\oldpgfcomp
atib\pgfplotsoldpgfsupp_pgflibraryfpu.code.tex")
("C:\Users\io\AppData\Local\Programs\MiKTeX 2.9\tex\generic\pgfplots\oldpgfcomp
atib\pgfplotsoldpgfsupp_pgfmathfloat.code.tex"
\c@pgfmathroundto@lastzeros=\count195
))
("C:\Users\io\AppData\Local\Programs\MiKTeX 2.9\tex\generic\pgfplots\util\pgfpl
otsutil.code.tex"
("C:\Users\io\AppData\Local\Programs\MiKTeX 2.9\tex\generic\pgfplots\liststruct
ure\pgfplotsliststructure.code.tex")
("C:\Users\io\AppData\Local\Programs\MiKTeX 2.9\tex\generic\pgfplots\liststruct
ure\pgfplotsliststructureext.code.tex")
("C:\Users\io\AppData\Local\Programs\MiKTeX 2.9\tex\generic\pgfplots\liststruct
ure\pgfplotsarray.code.tex"
\c@pgfplotsarray@tmp=\count196
)
("C:\Users\io\AppData\Local\Programs\MiKTeX 2.9\tex\generic\pgfplots\liststruct
ure\pgfplotsmatrix.code.tex")
("C:\Users\io\AppData\Local\Programs\MiKTeX 2.9\tex\generic\pgfplots\numtable\p
gfplotstableshared.code.tex"
\c@pgfplotstable@counta=\count197
\t@pgfplotstable@a=\toks75
)
("C:\Users\io\AppData\Local\Programs\MiKTeX 2.9\tex\generic\pgfplots\liststruct
ure\pgfplotsdeque.code.tex")
("C:\Users\io\AppData\Local\Programs\MiKTeX 2.9\tex\generic\pgfplots\util\pgfpl
otsbinary.code.tex"
("C:\Users\io\AppData\Local\Programs\MiKTeX 2.9\tex\generic\pgfplots\util\pgfpl
otsbinary.data.code.tex"))
("C:\Users\io\AppData\Local\Programs\MiKTeX 2.9\tex\generic\pgfplots\util\pgfpl
otsutil.verb.code.tex")
("C:\Users\io\AppData\Local\Programs\MiKTeX 2.9\tex\generic\pgfplots\libs\pgfli
brarypgfplots.surfshading.code.tex"
\c@pgfplotslibrarysurf@no=\count198

("C:\Users\io\AppData\Local\Programs\MiKTeX 2.9\tex\generic\pgfplots\sys\pgflib
rarypgfplots.surfshading.pgfsys-pdftex.def")))
("C:\Users\io\AppData\Local\Programs\MiKTeX 2.9\tex\generic\pgfplots\util\pgfpl
otscolormap.code.tex"
("C:\Users\io\AppData\Local\Programs\MiKTeX 2.9\tex\generic\pgfplots\util\pgfpl
otscolor.code.tex"))
("C:\Users\io\AppData\Local\Programs\MiKTeX 2.9\tex\generic\pgfplots\pgfplotsst
ackedplots.code.tex")
("C:\Users\io\AppData\Local\Programs\MiKTeX 2.9\tex\generic\pgfplots\pgfplotspl
othandlers.code.tex"
("C:\Users\io\AppData\Local\Programs\MiKTeX 2.9\tex\generic\pgfplots\pgfplotsme
shplothandler.code.tex"
("C:\Users\io\AppData\Local\Programs\MiKTeX 2.9\tex\generic\pgfplots\pgfplotsme
shplotimage.code.tex")))
("C:\Users\io\AppData\Local\Programs\MiKTeX 2.9\tex\generic\pgfplots\pgfplots.s
caling.code.tex")
("C:\Users\io\AppData\Local\Programs\MiKTeX 2.9\tex\generic\pgfplots\pgfplotsco
ordprocessing.code.tex")
("C:\Users\io\AppData\Local\Programs\MiKTeX 2.9\tex\generic\pgfplots\pgfplots.e
rrorbars.code.tex")
("C:\Users\io\AppData\Local\Programs\MiKTeX 2.9\tex\generic\pgfplots\pgfplots.m
arkers.code.tex")
("C:\Users\io\AppData\Local\Programs\MiKTeX 2.9\tex\generic\pgfplots\pgfplotsti
cks.code.tex")
("C:\Users\io\AppData\Local\Programs\MiKTeX 2.9\tex\generic\pgfplots\pgfplots.p
aths.code.tex")
("C:\Users\io\AppData\Local\Programs\MiKTeX 2.9\tex\generic\pgf\frontendlayer\t
ikz\libraries\tikzlibrarydecorations.code.tex"
("C:\Users\io\AppData\Local\Programs\MiKTeX 2.9\tex\generic\pgf\modules\pgfmodu
ledecorations.code.tex"
\pgfdecoratedcompleteddistance=\dimen270
\pgfdecoratedremainingdistance=\dimen271
\pgfdecoratedinputsegmentcompleteddistance=\dimen272
\pgfdecoratedinputsegmentremainingdistance=\dimen273
\pgf@decorate@distancetomove=\dimen274
\pgf@decorate@repeatstate=\count199
\pgfdecorationsegmentamplitude=\dimen275
\pgfdecorationsegmentlength=\dimen276
)
\tikz@lib@dec@box=\box48
)
("C:\Users\io\AppData\Local\Programs\MiKTeX 2.9\tex\generic\pgf\frontendlayer\t
ikz\libraries\tikzlibrarydecorations.pathmorphing.code.tex"
("C:\Users\io\AppData\Local\Programs\MiKTeX 2.9\tex\generic\pgf\libraries\decor
ations\pgflibrarydecorations.pathmorphing.code.tex"))
("C:\Users\io\AppData\Local\Programs\MiKTeX 2.9\tex\generic\pgf\frontendlayer\t
ikz\libraries\tikzlibrarydecorations.pathreplacing.code.tex"
("C:\Users\io\AppData\Local\Programs\MiKTeX 2.9\tex\generic\pgf\libraries\decor
ations\pgflibrarydecorations.pathreplacing.code.tex"))
\pgfplots@numplots=\count266
\pgfplots@xmin@reg=\dimen277
\pgfplots@xmax@reg=\dimen278
\pgfplots@ymin@reg=\dimen279
\pgfplots@ymax@reg=\dimen280
\pgfplots@zmin@reg=\dimen281
\pgfplots@zmax@reg=\dimen282
)
("C:\Users\io\AppData\Local\Programs\MiKTeX 2.9\tex\generic\pgf\frontendlayer\t
ikz\libraries\tikzlibraryplotmarks.code.tex"
File: tikzlibraryplotmarks.code.tex 2008/01/09 v3.0.1a (rcs-revision 1.1)

("C:\Users\io\AppData\Local\Programs\MiKTeX 2.9\tex\generic\pgf\libraries\pgfli
braryplotmarks.code.tex"
File: pgflibraryplotmarks.code.tex 2015/08/03 v3.0.1a (rcs-revision 1.14)
)))
("C:\Users\io\AppData\Local\Programs\MiKTeX 2.9\tex\latex\multirow\multirow.sty
"
\bigstrutjot=\dimen283
) ("C:\Users\io\AppData\Local\Programs\MiKTeX 2.9\tex\latex\tools\tabularx.sty"
Package: tabularx 2014/10/28 v2.10 `tabularx' package (DPC)
\TX@col@width=\dimen284
\TX@old@table=\dimen285
\TX@old@col=\dimen286
\TX@target=\dimen287
\TX@delta=\dimen288
\TX@cols=\count267
\TX@ftn=\toks76
)
("C:\Users\io\AppData\Local\Programs\MiKTeX 2.9\tex\latex\titlesec\titlesec.sty
"
Package: titlesec 2016/03/21 v2.10.2 Sectioning titles
\ttl@box=\box49
\beforetitleunit=\skip81
\aftertitleunit=\skip82
\ttl@plus=\dimen289
\ttl@minus=\dimen290
\ttl@toksa=\toks77
\titlewidth=\dimen291
\titlewidthlast=\dimen292
\titlewidthfirst=\dimen293
)
("C:\Users\io\AppData\Local\Programs\MiKTeX 2.9\tex\latex\totpages\totpages.sty
"
Package: totpages 2005/09/19 v2.00 Totpages Package (muewi)
) ("C:\Users\io\AppData\Local\Programs\MiKTeX 2.9\tex\latex\soul\soul.sty"
Package: soul 2003/11/17 v2.4 letterspacing/underlining (mf)
\SOUL@word=\toks78
\SOUL@lasttoken=\toks79
\SOUL@cmds=\toks80
\SOUL@buffer=\toks81
\SOUL@token=\toks82
\SOUL@spaceskip=\skip83
\SOUL@ttwidth=\dimen294
\SOUL@uldp=\dimen295
\SOUL@ulht=\dimen296
)
("C:\Users\io\AppData\Local\Programs\MiKTeX 2.9\tex\latex\tools\verbatim.sty"
Package: verbatim 2014/10/28 v1.5q LaTeX2e package for verbatim enhancements
\every@verbatim=\toks83
\verbatim@line=\toks84
\verbatim@in@stream=\read3
)
("C:\Users\io\AppData\Local\Programs\MiKTeX 2.9\tex\latex\wallpaper\wallpaper.s
ty"
Package: wallpaper 2005/01/18, v1.01 easy wallpaper formatting (MHFW)

("C:\Users\io\AppData\Local\Programs\MiKTeX 2.9\tex\latex\eso-pic\eso-pic.sty"
Package: eso-pic 2015/07/21 v2.0g eso-pic (RN)
)
\wpXoffset=\skip84
\wpYoffset=\skip85
\tileXoffset=\skip86
\tileYoffset=\skip87
\tilewidth=\skip88
\tileheight=\skip89
\tileX=\skip90
\tileY=\skip91
) ("C:\Users\io\AppData\Local\Programs\MiKTeX 2.9\tex\latex\tools\xspace.sty"
Package: xspace 2014/10/28 v1.13 Space after command names (DPC,MH)
)
("C:\Users\io\AppData\Local\Programs\MiKTeX 2.9\tex\latex\colortbl\colortbl.sty
"
Package: colortbl 2012/02/13 v1.0a Color table columns (DPC)
\everycr=\toks85
\minrowclearance=\skip92
) (relazione.aux)
\openout1 = `relazione.aux'.

LaTeX Font Info:    Checking defaults for OML/cmm/m/it on input line 117.
LaTeX Font Info:    ... okay on input line 117.
LaTeX Font Info:    Checking defaults for T1/cmr/m/n on input line 117.
LaTeX Font Info:    ... okay on input line 117.
LaTeX Font Info:    Checking defaults for OT1/cmr/m/n on input line 117.
LaTeX Font Info:    ... okay on input line 117.
LaTeX Font Info:    Checking defaults for OMS/cmsy/m/n on input line 117.
LaTeX Font Info:    ... okay on input line 117.
LaTeX Font Info:    Checking defaults for OMX/cmex/m/n on input line 117.
LaTeX Font Info:    ... okay on input line 117.
LaTeX Font Info:    Checking defaults for U/cmr/m/n on input line 117.
LaTeX Font Info:    ... okay on input line 117.
LaTeX Font Info:    Checking defaults for TS1/cmr/m/n on input line 117.
LaTeX Font Info:    Try loading font information for TS1+cmr on input line 117.


("C:\Users\io\AppData\Local\Programs\MiKTeX 2.9\tex\latex\base\ts1cmr.fd"
File: ts1cmr.fd 2014/09/29 v2.5h Standard LaTeX font definitions
)
LaTeX Font Info:    ... okay on input line 117.
LaTeX Font Info:    Checking defaults for PD1/pdf/m/n on input line 117.
LaTeX Font Info:    ... okay on input line 117.
LaTeX Font Info:    Try loading font information for T1+GilliusADF-LF on input 
line 117.

("C:\Users\io\AppData\Local\Programs\MiKTeX 2.9\tex\latex\gillius\t1gilliusadf-
lf.fd"
File: T1GilliusADF-LF.fd 2013/11/03 (autoinst) Font definitions for T1/GilliusA
DF-LF.
)
LaTeX Font Info:    Font shape `T1/GilliusADF-LF/m/n' will be
(Font)              scaled to size 10.95pt on input line 117.
\c@mv@tabular=\count268
\c@mv@boldtabular=\count269
LaTeX Info: Redefining \it@ocap on input line 117.
LaTeX Info: Redefining \it@ccap on input line 117.

*geometry* driver: auto-detecting
*geometry* detected driver: pdftex
*geometry* verbose mode - [ preamble ] result:
* driver: pdftex
* paper: a4paper
* layout: <same size as paper>
* layoutoffset:(h,v)=(0.0pt,0.0pt)
* bindingoffset: 14.22636pt
* modes: 
* h-part:(L,W,R)=(85.35826pt, 412.56499pt, 85.35826pt)
* v-part:(T,H,B)=(85.35826pt, 674.33032pt, 85.35826pt)
* \paperwidth=597.50787pt
* \paperheight=845.04684pt
* \textwidth=412.56499pt
* \textheight=674.33032pt
* \oddsidemargin=27.31464pt
* \evensidemargin=13.08827pt
* \topmargin=-23.91173pt
* \headheight=25.0pt
* \headsep=25.0pt
* \topskip=11.0pt
* \footskip=30.0pt
* \marginparwidth=50.0pt
* \marginparsep=10.0pt
* \columnsep=10.0pt
* \skip\footins=10.0pt plus 4.0pt minus 2.0pt
* \hoffset=0.0pt
* \voffset=0.0pt
* \mag=1000
* \@twocolumnfalse
* \@twosidefalse
* \@mparswitchfalse
* \@reversemarginfalse
* (1in=72.27pt=25.4mm, 1cm=28.453pt)

Package caption Info: Begin \AtBeginDocument code.
Package caption Info: float package is loaded.
Package caption Info: hyperref package is loaded.
Package caption Info: longtable package is loaded.
("C:\Users\io\AppData\Local\Programs\MiKTeX 2.9\tex\latex\caption\ltcaption.sty
"
Package: ltcaption 2013/06/09 v1.4-94 longtable captions (AR)
)
Package caption Info: subfigure package is loaded.
Package caption Info: supertabular package is loaded.
Package caption Info: End \AtBeginDocument code.

("C:\Users\io\AppData\Local\Programs\MiKTeX 2.9\tex\context\base\supp-pdf.mkii"
[Loading MPS to PDF converter (version 2006.09.02).]
\scratchcounter=\count270
\scratchdimen=\dimen297
\scratchbox=\box50
\nofMPsegments=\count271
\nofMParguments=\count272
\everyMPshowfont=\toks86
\MPscratchCnt=\count273
\MPscratchDim=\dimen298
\MPnumerator=\count274
\makeMPintoPDFobject=\count275
\everyMPtoPDFconversion=\toks87
)
\AtBeginShipoutBox=\box51
Package hyperref Info: Link coloring ON on input line 117.
 ("C:\Users\io\AppData\Local\Programs\MiKTeX 2.9\tex\latex\hyperref\nameref.sty
"
Package: nameref 2012/10/27 v2.43 Cross-referencing by name of section

("C:\Users\io\AppData\Local\Programs\MiKTeX 2.9\tex\generic\oberdiek\gettitlest
ring.sty"
Package: gettitlestring 2010/12/03 v1.4 Cleanup title references (HO)
)
\c@section@level=\count276
)
LaTeX Info: Redefining \ref on input line 117.
LaTeX Info: Redefining \pageref on input line 117.
LaTeX Info: Redefining \nameref on input line 117.
 (relazione.out) (relazione.out)
\@outlinefile=\write5
\openout5 = `relazione.out'.


ABD: EveryShipout initializing macros
Package pgfplots notification 'compat/show suggested version=true': document ha
s been generated with the most recent feature set (\pgfplotsset{compat=1.13}).

LaTeX Font Info:    Font shape `T1/GilliusADF-LF/bx/n' in size <10.95> not avai
lable
(Font)              Font shape `T1/GilliusADF-LF/b/n' tried instead on input li
ne 123.
LaTeX Font Info:    Font shape `T1/GilliusADF-LF/b/n' will be
(Font)              scaled to size 10.95pt on input line 123.
LaTeX Font Info:    Font shape `T1/GilliusADF-LF/bx/n' in size <40> not availab
le
(Font)              Font shape `T1/GilliusADF-LF/b/n' tried instead on input li
ne 123.
LaTeX Font Info:    Font shape `T1/GilliusADF-LF/b/n' will be
(Font)              scaled to size 40.0pt on input line 123.
LaTeX Font Info:    Font shape `T1/GilliusADF-LF/bx/n' in size <25> not availab
le
(Font)              Font shape `T1/GilliusADF-LF/b/n' tried instead on input li
ne 126.
LaTeX Font Info:    Font shape `T1/GilliusADF-LF/b/n' will be
(Font)              scaled to size 25.0pt on input line 126.
LaTeX Font Info:    Font shape `T1/GilliusADF-LF/bx/it' in size <25> not availa
ble
(Font)              Font shape `T1/GilliusADF-LF/b/it' tried instead on input l
ine 126.
LaTeX Font Info:    Font shape `T1/GilliusADF-LF/b/it' will be
(Font)              scaled to size 25.0pt on input line 126.
<../template/img/logo.png, id=122, 651.233pt x 623.931pt>
File: ../template/img/logo.png Graphic file (type png)

<use ../template/img/logo.png>
Package pdftex.def Info: ../template/img/logo.png used on input line 128.
(pdftex.def)             Requested size: 207.88208pt x 199.16928pt.
LaTeX Font Info:    Font shape `T1/GilliusADF-LF/m/n' will be
(Font)              scaled to size 18.0pt on input line 134.
LaTeX Font Info:    Font shape `T1/GilliusADF-LF/bx/n' in size <18> not availab
le
(Font)              Font shape `T1/GilliusADF-LF/b/n' tried instead on input li
ne 134.
LaTeX Font Info:    Font shape `T1/GilliusADF-LF/b/n' will be
(Font)              scaled to size 18.0pt on input line 134.
LaTeX Font Info:    Try loading font information for U+msa on input line 138.

("C:\Users\io\AppData\Local\Programs\MiKTeX 2.9\tex\latex\amsfonts\umsa.fd"
File: umsa.fd 2013/01/14 v3.01 AMS symbols A
)
LaTeX Font Info:    Try loading font information for U+msb on input line 138.

("C:\Users\io\AppData\Local\Programs\MiKTeX 2.9\tex\latex\amsfonts\umsb.fd"
File: umsb.fd 2013/01/14 v3.01 AMS symbols B
)
LaTeX Font Info:    Font shape `T1/GilliusADF-LF/m/it' will be
(Font)              scaled to size 10.95pt on input line 144.
LaTeX Font Info:    Font shape `T1/GilliusADF-LF/bx/it' in size <10.95> not ava
ilable
(Font)              Font shape `T1/GilliusADF-LF/b/it' tried instead on input l
ine 149.
LaTeX Font Info:    Font shape `T1/GilliusADF-LF/b/it' will be
(Font)              scaled to size 10.95pt on input line 149.

[1.1

{C:/Users/io/AppData/Local/MiKTeX/2.9/pdftex/config/pdftex.map} <../template/im
g/logo.png>]) (../template/index.tex
LaTeX Font Info:    Font shape `T1/GilliusADF-LF/m/n' will be
(Font)              scaled to size 14.4pt on input line 5.
LaTeX Font Info:    Font shape `T1/GilliusADF-LF/bx/n' in size <14.4> not avail
able
(Font)              Font shape `T1/GilliusADF-LF/b/n' tried instead on input li
ne 5.
LaTeX Font Info:    Font shape `T1/GilliusADF-LF/b/n' will be
(Font)              scaled to size 14.4pt on input line 5.
 (relazione.toc)
\tf@toc=\write6
\openout6 = `relazione.toc'.


<../template/img/intestazione.png, id=163, 3339.677pt x 452.089pt>
File: ../template/img/intestazione.png Graphic file (type png)

<use ../template/img/intestazione.png>
Package pdftex.def Info: ../template/img/intestazione.png used on input line 5.

(pdftex.def)             Requested size: 597.49782pt x 80.88272pt.

<../template/img/piedipagina.png, id=164, 375.71367pt x 50.86002pt>
File: ../template/img/piedipagina.png Graphic file (type png)

<use ../template/img/piedipagina.png>
Package pdftex.def Info: ../template/img/piedipagina.png used on input line 5.
(pdftex.def)             Requested size: 597.54242pt x 80.88875pt.
 [1.2 <../template/img/intestazione.png> <../template/img/piedipagina.png>]) (s
ezioni/1_organigramma.tex
LaTeX Font Info:    Font shape `T1/GilliusADF-LF/m/n' will be
(Font)              scaled to size 10.0pt on input line 20.
)
(sezioni/2_scopo.texpdfTeX warning (ext4): destination with the same identifier
 (name{page.1}) has been already used, duplicate ignored
<to be read again> 
                   \relax 
l.6 \newpage
            
File: ../template/img/intestazione.png Graphic file (type png)
 <use ../template/img/intestazione.png>
Package pdftex.def Info: ../template/img/intestazione.png used on input line 6.

(pdftex.def)             Requested size: 597.49782pt x 80.88272pt.
File: ../template/img/piedipagina.png Graphic file (type png)

<use ../template/img/piedipagina.png>
Package pdftex.def Info: ../template/img/piedipagina.png used on input line 6.
(pdftex.def)             Requested size: 597.54242pt x 80.88875pt.
 [1.3]) (sezioni/3_norme.tex
LaTeX Font Info:    Font shape `T1/GilliusADF-LF/m/n' will be
(Font)              scaled to size 12.0pt on input line 4.
LaTeX Font Info:    Font shape `T1/GilliusADF-LF/bx/n' in size <12> not availab
le
(Font)              Font shape `T1/GilliusADF-LF/b/n' tried instead on input li
ne 4.
LaTeX Font Info:    Font shape `T1/GilliusADF-LF/b/n' will be
(Font)              scaled to size 12.0pt on input line 4.
LaTeX Font Info:    Try loading font information for TS1+GilliusADF-LF on input
 line 6.

("C:\Users\io\AppData\Local\Programs\MiKTeX 2.9\tex\latex\gillius\ts1gilliusadf
-lf.fd"
File: TS1GilliusADF-LF.fd 2013/11/03 (autoinst) Font definitions for TS1/Gilliu
sADF-LF.
)
LaTeX Font Info:    Font shape `TS1/GilliusADF-LF/m/n' will be
(Font)              scaled to size 10.95pt on input line 6.
File: ../template/img/intestazione.png Graphic file (type png)
 <use ../template/img/intestazione.png>
Package pdftex.def Info: ../template/img/intestazione.png used on input line 30
.
(pdftex.def)             Requested size: 597.49782pt x 80.88272pt.
File: ../template/img/piedipagina.png Graphic file (type png)

<use ../template/img/piedipagina.png>
Package pdftex.def Info: ../template/img/piedipagina.png used on input line 30.

(pdftex.def)             Requested size: 597.54242pt x 80.88875pt.
 [2.4]) (sezioni/4_analisi_requisiti.tex
<immagini/user_case.png, id=183, 761.7258pt x 826.0461pt>
File: immagini/user_case.png Graphic file (type png)

<use immagini/user_case.png>
Package pdftex.def Info: immagini/user_case.png used on input line 10.
(pdftex.def)             Requested size: 398.33858pt x 431.96649pt.
) (sezioni/5_progettazione.tex
File: ../template/img/intestazione.png Graphic file (type png)

<use ../template/img/intestazione.png>
Package pdftex.def Info: ../template/img/intestazione.png used on input line 5.

(pdftex.def)             Requested size: 597.49782pt x 80.88272pt.
File: ../template/img/piedipagina.png Graphic file (type png)
 <use ../template/img/piedipagina.png>
Package pdftex.def Info: ../template/img/piedipagina.png used on input line 5.
(pdftex.def)             Requested size: 597.54242pt x 80.88875pt.

[3.5 <./immagini/user_case.png>]
<immagini/home.png, id=191, 1420.507pt x 946.737pt>
File: immagini/home.png Graphic file (type png)
 <use immagini/home.png>
Package pdftex.def Info: immagini/home.png used on input line 9.
(pdftex.def)             Requested size: 398.33858pt x 265.4746pt.

<immagini/catalogo.png, id=192, 1420.507pt x 946.737pt>
File: immagini/catalogo.png Graphic file (type png)

<use immagini/catalogo.png>
Package pdftex.def Info: immagini/catalogo.png used on input line 17.
(pdftex.def)             Requested size: 398.33858pt x 265.4746pt.
File: ../template/img/intestazione.png Graphic file (type png)
 <use ../template/img/intestazione.png>
Package pdftex.def Info: ../template/img/intestazione.png used on input line 20
.
(pdftex.def)             Requested size: 597.49782pt x 80.88272pt.
File: ../template/img/piedipagina.png Graphic file (type png)

<use ../template/img/piedipagina.png>
Package pdftex.def Info: ../template/img/piedipagina.png used on input line 20.

(pdftex.def)             Requested size: 597.54242pt x 80.88875pt.
 [4.6 <./immagini/home.png>]
<immagini/dettaglio.png, id=200, 1420.507pt x 946.737pt>
File: immagini/dettaglio.png Graphic file (type png)

<use immagini/dettaglio.png>
Package pdftex.def Info: immagini/dettaglio.png used on input line 25.
(pdftex.def)             Requested size: 398.33858pt x 265.4746pt.

<immagini/servizi.png, id=201, 1420.507pt x 946.737pt>
File: immagini/servizi.png Graphic file (type png)

<use immagini/servizi.png>
Package pdftex.def Info: immagini/servizi.png used on input line 33.
(pdftex.def)             Requested size: 398.33858pt x 265.4746pt.
File: ../template/img/intestazione.png Graphic file (type png)
 <use ../template/img/intestazione.png>
Package pdftex.def Info: ../template/img/intestazione.png used on input line 35
.
(pdftex.def)             Requested size: 597.49782pt x 80.88272pt.
File: ../template/img/piedipagina.png Graphic file (type png)

<use ../template/img/piedipagina.png>
Package pdftex.def Info: ../template/img/piedipagina.png used on input line 35.

(pdftex.def)             Requested size: 597.54242pt x 80.88875pt.
 [5.7 <./immagini/catalogo.png> <./immagini/dettaglio.png>] <immagini/contatti.
png, id=212, 1420.507pt x 946.737pt>
File: immagini/contatti.png Graphic file (type png)

<use immagini/contatti.png>
Package pdftex.def Info: immagini/contatti.png used on input line 41.
(pdftex.def)             Requested size: 398.33858pt x 265.4746pt.
File: ../template/img/intestazione.png Graphic file (type png)
 <use ../template/img/intestazione.png>
Package pdftex.def Info: ../template/img/intestazione.png used on input line 44
.
(pdftex.def)             Requested size: 597.49782pt x 80.88272pt.
File: ../template/img/piedipagina.png Graphic file (type png)

<use ../template/img/piedipagina.png>
Package pdftex.def Info: ../template/img/piedipagina.png used on input line 44.

(pdftex.def)             Requested size: 597.54242pt x 80.88875pt.
 [6.8 <./immagini/servizi.png>])
(sezioni/6_implementazione.tex) (sezioni/7_verifica_validazione.tex)
(sezioni/8_analisi_usabilita.tex)
File: ../template/img/intestazione.png Graphic file (type png)
 <use ../template/img/intestazione.png>
Package pdftex.def Info: ../template/img/intestazione.png used on input line 52
.
(pdftex.def)             Requested size: 597.49782pt x 80.88272pt.
File: ../template/img/piedipagina.png Graphic file (type png)

<use ../template/img/piedipagina.png>
Package pdftex.def Info: ../template/img/piedipagina.png used on input line 52.

(pdftex.def)             Requested size: 597.54242pt x 80.88875pt.
 [7.9 <./immagini/contatti.png>]
File: ../template/img/intestazione.png Graphic file (type png)

<use ../template/img/intestazione.png>
Package pdftex.def Info: ../template/img/intestazione.png used on input line 52
.
(pdftex.def)             Requested size: 597.49782pt x 80.88272pt.
File: ../template/img/piedipagina.png Graphic file (type png)
 <use ../template/img/piedipagina.png>
Package pdftex.def Info: ../template/img/piedipagina.png used on input line 52.

(pdftex.def)             Requested size: 597.54242pt x 80.88875pt.

[8.10]
Package atveryend Info: Empty hook `BeforeClearDocument' on input line 52.
Package atveryend Info: Empty hook `AfterLastShipout' on input line 52.
 (relazione.aux)
Package atveryend Info: Executing hook `AtVeryEndDocument' on input line 52.
Package atveryend Info: Executing hook `AtEndAfterFileList' on input line 52.
Package rerunfilecheck Info: File `relazione.out' has not changed.
(rerunfilecheck)             Checksum: 1838661CBC264CB960BE039604029F5E;1815.
 ) 
Here is how much of TeX's memory you used:
 34842 strings out of 493634
 768338 string characters out of 3136464
 1043031 words of memory out of 3000000
 37421 multiletter control sequences out of 15000+200000
 40423 words of font info for 72 fonts, out of 3000000 for 9000
 1025 hyphenation exceptions out of 8191
 56i,14n,92p,2018b,609s stack positions out of 5000i,500n,10000p,200000b,50000s
{C:/Users/io/AppData/Local/Programs/MiKTeX 2.9/fonts/enc/dvips/gillius/gls_sh
b4ap.enc}{C:/Users/io/AppData/Local/Programs/MiKTeX 2.9/fonts/enc/dvips/gillius
/gls_4bsedw.enc}<C:/Users/io/AppData/Local/Programs/MiKTeX 2.9/fonts/type1/arka
ndis/gillius/GilliusADF-Bold.pfb><C:/Users/io/AppData/Local/Programs/MiKTeX 2.9
/fonts/type1/arkandis/gillius/GilliusADF-BoldItalic.pfb><C:/Users/io/AppData/Lo
cal/Programs/MiKTeX 2.9/fonts/type1/arkandis/gillius/GilliusADF-Italic.pfb><C:/
Users/io/AppData/Local/Programs/MiKTeX 2.9/fonts/type1/arkandis/gillius/Gillius
ADF-Regular.pfb>
Output written on relazione.pdf (10 pages, 1066271 bytes).
PDF statistics:
 261 PDF objects out of 1000 (max. 8388607)
 46 named destinations out of 1000 (max. 500000)
 290 words of extra memory for PDF output out of 10000 (max. 10000000)

